2020-12-09 16:12:15,492 - numexpr.utils - INFO - NumExpr defaulting to 2 threads.
2020-12-09 16:12:15,524 - __main__ - INFO - train len - 6420 valid len - 2140
2020-12-09 16:12:15,574 - filelock - INFO - Lock 139833775678184 acquired on /root/.cache/torch/transformers/c22e0b5bbb7c0cb93a87a2ae01263ae715b4c18d692b1740ce72cacaa99ad184.2d28da311092e99a05f9ee17520204614d60b0bfdb32f8a75644df7737b6a748.lock
2020-12-09 16:12:15,715 - filelock - INFO - Lock 139833775678184 released on /root/.cache/torch/transformers/c22e0b5bbb7c0cb93a87a2ae01263ae715b4c18d692b1740ce72cacaa99ad184.2d28da311092e99a05f9ee17520204614d60b0bfdb32f8a75644df7737b6a748.lock
2020-12-09 16:12:15,754 - filelock - INFO - Lock 139833823292664 acquired on /root/.cache/torch/transformers/1ae1f5b6e2b22b25ccc04c000bb79ca847aa226d0761536b011cf7e5868f0655.ef00af9e673c7160b4d41cfda1f48c5f4cba57d5142754525572a846a1ab1b9b.lock
2020-12-09 16:12:15,849 - filelock - INFO - Lock 139833823292664 released on /root/.cache/torch/transformers/1ae1f5b6e2b22b25ccc04c000bb79ca847aa226d0761536b011cf7e5868f0655.ef00af9e673c7160b4d41cfda1f48c5f4cba57d5142754525572a846a1ab1b9b.lock
2020-12-09 16:12:15,893 - filelock - INFO - Lock 139833823292664 acquired on /root/.cache/torch/transformers/f8f83199a6270d582d6245dc100e99c4155de81c9745c6248077018fe01abcfb.70bec105b4158ed9a1747fea67a43f5dee97855c64d62b6ec3742f4cfdb5feda.lock
2020-12-09 16:12:15,951 - filelock - INFO - Lock 139833823292664 released on /root/.cache/torch/transformers/f8f83199a6270d582d6245dc100e99c4155de81c9745c6248077018fe01abcfb.70bec105b4158ed9a1747fea67a43f5dee97855c64d62b6ec3742f4cfdb5feda.lock
2020-12-09 16:12:16,407 - filelock - INFO - Lock 139833255068000 acquired on /root/.cache/torch/transformers/2339ac1858323405dffff5156947669fed6f63a0c34cfab35bda4f78791893d2.fc7abf72755ecc4a75d0d336a93c1c63358d2334f5998ed326f3b0da380bf536.lock
2020-12-09 16:12:35,896 - filelock - INFO - Lock 139833255068000 released on /root/.cache/torch/transformers/2339ac1858323405dffff5156947669fed6f63a0c34cfab35bda4f78791893d2.fc7abf72755ecc4a75d0d336a93c1c63358d2334f5998ed326f3b0da380bf536.lock
2020-12-09 16:13:00,107 - __main__ - INFO - STARTING TRAINING - roerta_large_two_train_16_3e5
2020-12-09 16:13:00,107 - __main__ - INFO - Epoch 1/4
2020-12-09 16:13:00,107 - __main__ - INFO - ----------
2020-12-09 16:15:02,806 - engine - INFO - bi=100, Train F1=0.8,Train loss=0.43380025029182434, time=122.69560074806213
2020-12-09 16:17:11,215 - engine - INFO - bi=200, Train F1=0.875,Train loss=0.452126145362854, time=251.10465502738953
2020-12-09 16:19:19,375 - engine - INFO - bi=300, Train F1=1.0,Train loss=0.013294626027345657, time=379.26458978652954
2020-12-09 16:21:27,245 - engine - INFO - bi=400, Train F1=0.909,Train loss=0.38569939136505127, time=507.13500905036926
2020-12-09 16:21:28,205 - engine - INFO - bi=401, Train F1=1.0,Train loss=0.008607221767306328, time=508.09494280815125
2020-12-09 16:21:28,712 - __main__ - INFO - Train loss 0.3127356863306113 accuracy 0.902
2020-12-09 16:22:19,672 - engine - INFO - Accuracy:: 0.9336448598130841
2020-12-09 16:22:19,683 - engine - INFO - Mcc Score:: 0.8697227908470307
2020-12-09 16:22:19,688 - engine - INFO - Precision:: 0.9366367943191354
2020-12-09 16:22:19,692 - engine - INFO - Recall:: 0.9336448598130841
2020-12-09 16:22:19,697 - engine - INFO - F_score:: 0.9333868441158784
2020-12-09 16:22:19,697 - __main__ - INFO - Val loss 0.21777580073798325 accuracy 0.934
2020-12-09 16:23:11,426 - __main__ - INFO - Epoch 2/4
2020-12-09 16:23:11,426 - __main__ - INFO - ----------
2020-12-09 16:25:20,138 - engine - INFO - bi=100, Train F1=0.8,Train loss=0.21828600764274597, time=128.70899534225464
2020-12-09 16:27:27,919 - engine - INFO - bi=200, Train F1=0.933,Train loss=0.44850465655326843, time=256.4904522895813
2020-12-09 16:29:35,655 - engine - INFO - bi=300, Train F1=1.0,Train loss=0.0025552494917064905, time=384.22623467445374
2020-12-09 16:31:43,365 - engine - INFO - bi=400, Train F1=0.727,Train loss=0.6967006921768188, time=511.93628907203674
2020-12-09 16:31:44,336 - engine - INFO - bi=401, Train F1=1.0,Train loss=0.0006306470604613423, time=512.9075577259064
2020-12-09 16:31:44,854 - __main__ - INFO - Train loss 0.17239334356631686 accuracy 0.956
2020-12-09 16:32:35,873 - engine - INFO - Accuracy:: 0.9532710280373832
2020-12-09 16:32:35,880 - engine - INFO - Mcc Score:: 0.906930278356325
2020-12-09 16:32:35,885 - engine - INFO - Precision:: 0.9539529693469948
2020-12-09 16:32:35,890 - engine - INFO - Recall:: 0.9532710280373832
2020-12-09 16:32:35,894 - engine - INFO - F_score:: 0.9532060831813061
2020-12-09 16:32:35,895 - __main__ - INFO - Val loss 0.15346367797925511 accuracy 0.953
2020-12-09 16:33:27,680 - __main__ - INFO - Epoch 3/4
2020-12-09 16:33:27,680 - __main__ - INFO - ----------
2020-12-09 16:35:36,309 - engine - INFO - bi=100, Train F1=1.0,Train loss=0.0014202820602804422, time=128.62440729141235
2020-12-09 16:37:43,445 - engine - INFO - bi=200, Train F1=1.0,Train loss=0.00012793068890459836, time=255.76070427894592
2020-12-09 16:39:50,707 - engine - INFO - bi=300, Train F1=1.0,Train loss=0.00243054935708642, time=383.02250051498413
2020-12-09 16:41:57,832 - engine - INFO - bi=400, Train F1=1.0,Train loss=0.000740627758204937, time=510.1477131843567
2020-12-09 16:41:58,784 - engine - INFO - bi=401, Train F1=1.0,Train loss=0.0003572460263967514, time=511.10040497779846
2020-12-09 16:41:59,289 - __main__ - INFO - Train loss 0.07417987908542525 accuracy 0.983
2020-12-09 16:42:50,307 - engine - INFO - Accuracy:: 0.9644859813084112
2020-12-09 16:42:50,314 - engine - INFO - Mcc Score:: 0.9288105831513132
2020-12-09 16:42:50,319 - engine - INFO - Precision:: 0.9644862693789644
2020-12-09 16:42:50,323 - engine - INFO - Recall:: 0.9644859813084112
2020-12-09 16:42:50,328 - engine - INFO - F_score:: 0.9644827476620459
2020-12-09 16:42:50,328 - __main__ - INFO - Val loss 0.15931187239875183 accuracy 0.964
2020-12-09 16:43:42,099 - __main__ - INFO - Epoch 4/4
2020-12-09 16:43:42,099 - __main__ - INFO - ----------
2020-12-09 16:45:50,227 - engine - INFO - bi=100, Train F1=1.0,Train loss=0.0001281813601963222, time=128.1235671043396
2020-12-09 16:47:57,493 - engine - INFO - bi=200, Train F1=0.941,Train loss=0.06033313274383545, time=255.39061760902405
2020-12-09 16:50:04,890 - engine - INFO - bi=300, Train F1=0.923,Train loss=0.327065646648407, time=382.7873206138611
2020-12-09 16:52:12,288 - engine - INFO - bi=400, Train F1=1.0,Train loss=3.5985245631309226e-05, time=510.18480587005615
2020-12-09 16:52:13,244 - engine - INFO - bi=401, Train F1=1.0,Train loss=4.3748688767664135e-05, time=511.14076232910156
2020-12-09 16:52:13,804 - __main__ - INFO - Train loss 0.01851818340080864 accuracy 0.996
2020-12-09 16:53:04,726 - engine - INFO - Accuracy:: 0.9663551401869159
2020-12-09 16:53:04,733 - engine - INFO - Mcc Score:: 0.9325600449758348
2020-12-09 16:53:04,738 - engine - INFO - Precision:: 0.966361004207066
2020-12-09 16:53:04,744 - engine - INFO - Recall:: 0.9663551401869159
2020-12-09 16:53:04,751 - engine - INFO - F_score:: 0.9663504562057705
2020-12-09 16:53:04,751 - __main__ - INFO - Val loss 0.21848480262438055 accuracy 0.966
2020-12-09 16:53:58,348 - __main__ - INFO - ##################################### Task End ############################################
2020-12-09 16:54:05,405 - numexpr.utils - INFO - NumExpr defaulting to 2 threads.
2020-12-09 16:54:05,436 - __main__ - INFO - train len - 6420 valid len - 2140
2020-12-09 16:54:34,142 - __main__ - INFO - STARTING TRAINING - roberta_large_four_train_16_3e5
2020-12-09 16:54:34,142 - __main__ - INFO - Epoch 1/4
2020-12-09 16:54:34,142 - __main__ - INFO - ----------
2020-12-09 16:56:44,215 - engine - INFO - bi=100, Train F1=0.941,Train loss=0.29792749881744385, time=130.07009744644165
2020-12-09 16:58:52,819 - engine - INFO - bi=200, Train F1=0.857,Train loss=0.48950254917144775, time=258.6744213104248
2020-12-09 17:01:01,161 - engine - INFO - bi=300, Train F1=1.0,Train loss=0.24084046483039856, time=387.0158152580261
2020-12-09 17:03:09,800 - engine - INFO - bi=400, Train F1=0.364,Train loss=0.6350356340408325, time=515.6546051502228
2020-12-09 17:03:10,764 - engine - INFO - bi=401, Train F1=0.0,Train loss=0.9096666574478149, time=516.6193449497223
2020-12-09 17:03:11,291 - __main__ - INFO - Train loss 0.4624209737489741 accuracy 0.82
2020-12-09 17:04:01,684 - engine - INFO - Accuracy:: 0.6612149532710281
2020-12-09 17:04:01,692 - engine - INFO - Mcc Score:: 0.41689939377315854
2020-12-09 17:04:01,697 - engine - INFO - Precision:: 0.7912753966260918
2020-12-09 17:04:01,702 - engine - INFO - Recall:: 0.6612149532710281
2020-12-09 17:04:01,706 - engine - INFO - F_score:: 0.6098674357080379
2020-12-09 17:04:01,706 - __main__ - INFO - Val loss 0.5260235262450887 accuracy 0.713
2020-12-09 17:04:53,429 - __main__ - INFO - Epoch 2/4
2020-12-09 17:04:53,429 - __main__ - INFO - ----------
2020-12-09 17:07:02,663 - engine - INFO - bi=100, Train F1=0.941,Train loss=0.277642160654068, time=129.2288212776184
2020-12-09 17:09:11,070 - engine - INFO - bi=200, Train F1=0.933,Train loss=0.3811776340007782, time=257.6361286640167
2020-12-09 17:11:19,291 - engine - INFO - bi=300, Train F1=0.909,Train loss=0.2643257677555084, time=385.857045173645
2020-12-09 17:13:27,706 - engine - INFO - bi=400, Train F1=1.0,Train loss=0.010145116597414017, time=514.272700548172
2020-12-09 17:13:28,679 - engine - INFO - bi=401, Train F1=1.0,Train loss=0.008885929360985756, time=515.2453968524933
2020-12-09 17:13:29,188 - __main__ - INFO - Train loss 0.3357162138740231 accuracy 0.894
2020-12-09 17:14:19,724 - engine - INFO - Accuracy:: 0.9350467289719626
2020-12-09 17:14:19,730 - engine - INFO - Mcc Score:: 0.8700000944562704
2020-12-09 17:14:19,735 - engine - INFO - Precision:: 0.9353255583333818
2020-12-09 17:14:19,740 - engine - INFO - Recall:: 0.9350467289719626
2020-12-09 17:14:19,745 - engine - INFO - F_score:: 0.9349889144491504
2020-12-09 17:14:19,745 - __main__ - INFO - Val loss 0.2742810502384247 accuracy 0.935
2020-12-09 17:15:11,573 - __main__ - INFO - Epoch 3/4
2020-12-09 17:15:11,573 - __main__ - INFO - ----------
2020-12-09 17:17:20,493 - engine - INFO - bi=100, Train F1=1.0,Train loss=0.0023151834029704332, time=128.9157965183258
2020-12-09 17:19:29,055 - engine - INFO - bi=200, Train F1=0.8,Train loss=0.48913079500198364, time=257.4785747528076
2020-12-09 17:21:37,211 - engine - INFO - bi=300, Train F1=1.0,Train loss=0.003462066175416112, time=385.6343867778778
2020-12-09 17:23:45,462 - engine - INFO - bi=400, Train F1=1.0,Train loss=0.01175727229565382, time=513.8856809139252
2020-12-09 17:23:46,439 - engine - INFO - bi=401, Train F1=1.0,Train loss=0.007310640066862106, time=514.8627412319183
2020-12-09 17:23:46,955 - __main__ - INFO - Train loss 0.20170581735153936 accuracy 0.95
2020-12-09 17:24:37,386 - engine - INFO - Accuracy:: 0.9518691588785047
2020-12-09 17:24:37,392 - engine - INFO - Mcc Score:: 0.9036800285655018
2020-12-09 17:24:37,397 - engine - INFO - Precision:: 0.9519896202784555
2020-12-09 17:24:37,402 - engine - INFO - Recall:: 0.9518691588785047
2020-12-09 17:24:37,407 - engine - INFO - F_score:: 0.9518825800923005
2020-12-09 17:24:37,407 - __main__ - INFO - Val loss 0.20381358366654212 accuracy 0.952
2020-12-09 17:25:29,031 - __main__ - INFO - Epoch 4/4
2020-12-09 17:25:29,031 - __main__ - INFO - ----------
2020-12-09 17:27:37,765 - engine - INFO - bi=100, Train F1=0.933,Train loss=0.36307626962661743, time=128.7304880619049
2020-12-09 17:29:45,402 - engine - INFO - bi=200, Train F1=0.952,Train loss=0.35977885127067566, time=256.3673231601715
2020-12-09 17:31:52,967 - engine - INFO - bi=300, Train F1=0.947,Train loss=0.35638874769210815, time=383.93252396583557
2020-12-09 17:34:00,651 - engine - INFO - bi=400, Train F1=1.0,Train loss=0.006049489602446556, time=511.6168837547302
2020-12-09 17:34:01,611 - engine - INFO - bi=401, Train F1=1.0,Train loss=0.003725842572748661, time=512.5768301486969
2020-12-09 17:34:02,122 - __main__ - INFO - Train loss 0.12843025272998226 accuracy 0.973
2020-12-09 17:34:52,658 - engine - INFO - Accuracy:: 0.9542056074766355
2020-12-09 17:34:52,666 - engine - INFO - Mcc Score:: 0.9088087440896608
2020-12-09 17:34:52,670 - engine - INFO - Precision:: 0.9548909512535032
2020-12-09 17:34:52,675 - engine - INFO - Recall:: 0.9542056074766355
2020-12-09 17:34:52,679 - engine - INFO - F_score:: 0.9541419615176798
2020-12-09 17:34:52,680 - __main__ - INFO - Val loss 0.21012894928093945 accuracy 0.954
2020-12-09 17:35:45,051 - __main__ - INFO - ##################################### Task End ############################################
2020-12-09 17:35:50,891 - numexpr.utils - INFO - NumExpr defaulting to 2 threads.
2020-12-09 17:35:50,921 - __main__ - INFO - train len - 6420 valid len - 2140
2020-12-09 17:36:04,723 - __main__ - INFO - STARTING TRAINING - roberta_large_four_train_16_2e5
2020-12-09 17:36:04,723 - __main__ - INFO - Epoch 1/4
2020-12-09 17:36:04,723 - __main__ - INFO - ----------
2020-12-09 17:38:14,374 - engine - INFO - bi=100, Train F1=1.0,Train loss=0.10056071728467941, time=129.64704656600952
2020-12-09 17:40:22,835 - engine - INFO - bi=200, Train F1=0.9,Train loss=0.42258477210998535, time=258.1075327396393
2020-12-09 17:42:30,865 - engine - INFO - bi=300, Train F1=0.833,Train loss=0.19062943756580353, time=386.13763546943665
2020-12-09 17:44:39,105 - engine - INFO - bi=400, Train F1=0.947,Train loss=0.4221433103084564, time=514.3776390552521
2020-12-09 17:44:40,078 - engine - INFO - bi=401, Train F1=1.0,Train loss=0.00362003524787724, time=515.3506927490234
2020-12-09 17:44:40,589 - __main__ - INFO - Train loss 0.3023780768498864 accuracy 0.892
2020-12-09 17:45:31,265 - engine - INFO - Accuracy:: 0.9327102803738317
2020-12-09 17:45:31,271 - engine - INFO - Mcc Score:: 0.8681543320356163
2020-12-09 17:45:31,276 - engine - INFO - Precision:: 0.9354950505549536
2020-12-09 17:45:31,281 - engine - INFO - Recall:: 0.9327102803738317
2020-12-09 17:45:31,285 - engine - INFO - F_score:: 0.9327319693102856
2020-12-09 17:45:31,286 - __main__ - INFO - Val loss 0.2541359129705842 accuracy 0.933
2020-12-09 17:46:23,153 - __main__ - INFO - Epoch 2/4
2020-12-09 17:46:23,154 - __main__ - INFO - ----------
2020-12-09 17:48:32,352 - engine - INFO - bi=100, Train F1=0.941,Train loss=0.09938595443964005, time=129.19351744651794
2020-12-09 17:50:40,216 - engine - INFO - bi=200, Train F1=0.933,Train loss=0.4835965931415558, time=257.05810594558716
2020-12-09 17:52:47,855 - engine - INFO - bi=300, Train F1=0.909,Train loss=0.09820310026407242, time=384.69729804992676
2020-12-09 17:54:55,739 - engine - INFO - bi=400, Train F1=1.0,Train loss=0.009471863508224487, time=512.5810849666595
2020-12-09 17:54:56,713 - engine - INFO - bi=401, Train F1=1.0,Train loss=0.000946653017308563, time=513.5546753406525
2020-12-09 17:54:57,220 - __main__ - INFO - Train loss 0.13400608775287284 accuracy 0.966
2020-12-09 17:55:48,187 - engine - INFO - Accuracy:: 0.9700934579439252
2020-12-09 17:55:48,194 - engine - INFO - Mcc Score:: 0.9401734634298685
2020-12-09 17:55:48,198 - engine - INFO - Precision:: 0.9701923321147015
2020-12-09 17:55:48,202 - engine - INFO - Recall:: 0.9700934579439252
2020-12-09 17:55:48,206 - engine - INFO - F_score:: 0.9701013332435916
2020-12-09 17:55:48,207 - __main__ - INFO - Val loss 0.11830562500303972 accuracy 0.97
2020-12-09 17:56:40,198 - __main__ - INFO - Epoch 3/4
2020-12-09 17:56:40,199 - __main__ - INFO - ----------
2020-12-09 17:58:48,565 - engine - INFO - bi=100, Train F1=1.0,Train loss=5.7389173889532685e-05, time=128.36303234100342
2020-12-09 18:00:55,873 - engine - INFO - bi=200, Train F1=0.889,Train loss=0.5171625018119812, time=255.67056012153625
2020-12-09 18:03:03,378 - engine - INFO - bi=300, Train F1=1.0,Train loss=0.00021134941198397428, time=383.1755485534668
2020-12-09 18:05:10,408 - engine - INFO - bi=400, Train F1=0.941,Train loss=0.20512954890727997, time=510.20576667785645
2020-12-09 18:05:11,373 - engine - INFO - bi=401, Train F1=1.0,Train loss=0.00014557200483977795, time=511.17091608047485
2020-12-09 18:05:11,881 - __main__ - INFO - Train loss 0.056113970401171324 accuracy 0.988
2020-12-09 18:06:02,478 - engine - INFO - Accuracy:: 0.9733644859813084
2020-12-09 18:06:02,485 - engine - INFO - Mcc Score:: 0.9468064405233259
2020-12-09 18:06:02,489 - engine - INFO - Precision:: 0.9735359884108583
2020-12-09 18:06:02,494 - engine - INFO - Recall:: 0.9733644859813084
2020-12-09 18:06:02,499 - engine - INFO - F_score:: 0.9733734498357769
2020-12-09 18:06:02,499 - __main__ - INFO - Val loss 0.14898920184926134 accuracy 0.973
2020-12-09 18:06:54,550 - __main__ - INFO - Epoch 4/4
2020-12-09 18:06:54,550 - __main__ - INFO - ----------
2020-12-09 18:09:02,649 - engine - INFO - bi=100, Train F1=1.0,Train loss=5.620900628855452e-05, time=128.09234285354614
2020-12-09 18:11:09,859 - engine - INFO - bi=200, Train F1=1.0,Train loss=0.0009582013008184731, time=255.30193948745728
2020-12-09 18:13:17,136 - engine - INFO - bi=300, Train F1=0.947,Train loss=0.36404573917388916, time=382.5790195465088
2020-12-09 18:15:24,282 - engine - INFO - bi=400, Train F1=1.0,Train loss=8.388218702748418e-05, time=509.7255537509918
2020-12-09 18:15:25,243 - engine - INFO - bi=401, Train F1=1.0,Train loss=1.8745402485365048e-05, time=510.6865658760071
2020-12-09 18:15:25,775 - __main__ - INFO - Train loss 0.019736720959229646 accuracy 0.996
2020-12-09 18:16:16,711 - engine - INFO - Accuracy:: 0.9733644859813084
2020-12-09 18:16:16,717 - engine - INFO - Mcc Score:: 0.9467181328186021
2020-12-09 18:16:16,722 - engine - INFO - Precision:: 0.973492172904676
2020-12-09 18:16:16,726 - engine - INFO - Recall:: 0.9733644859813084
2020-12-09 18:16:16,730 - engine - INFO - F_score:: 0.9733512949393962
2020-12-09 18:16:16,730 - __main__ - INFO - Val loss 0.17140351671080123 accuracy 0.973
2020-12-09 18:16:17,260 - __main__ - INFO - ##################################### Task End ############################################
