2020-12-08 19:42:17,513 - numexpr.utils - INFO - NumExpr defaulting to 2 threads.
2020-12-08 19:42:17,543 - __main__ - INFO - train len - 6420 valid len - 2140
2020-12-08 19:42:17,669 - filelock - INFO - Lock 140005522092888 acquired on /root/.cache/torch/transformers/7a1fd958df5f7114f8b54a876d286220110fa9443f2b4b69ca51846f76a1f4a2.94acc9b2980ce55713e34d393e99698aa32bc14cfb1143c33dd4a0605b374b89.lock
2020-12-08 19:42:17,781 - filelock - INFO - Lock 140005522092888 released on /root/.cache/torch/transformers/7a1fd958df5f7114f8b54a876d286220110fa9443f2b4b69ca51846f76a1f4a2.94acc9b2980ce55713e34d393e99698aa32bc14cfb1143c33dd4a0605b374b89.lock
2020-12-08 19:42:17,831 - filelock - INFO - Lock 140005515259240 acquired on /root/.cache/torch/transformers/320ae2ce0babd2490d90ec00f45e002511c3f55095e4db58851ee8ab3f6f7e96.542ce4285a40d23a559526243235df47c5f75c197f04f37d1a0c124c32c9a084.lock
2020-12-08 19:42:17,913 - filelock - INFO - Lock 140005515259240 released on /root/.cache/torch/transformers/320ae2ce0babd2490d90ec00f45e002511c3f55095e4db58851ee8ab3f6f7e96.542ce4285a40d23a559526243235df47c5f75c197f04f37d1a0c124c32c9a084.lock
2020-12-08 19:42:18,017 - filelock - INFO - Lock 140005515259240 acquired on /root/.cache/torch/transformers/a99c21964f55b8b4f05719f2d0b7b1289238b9e77d9a96fd81c50d0c3022f8b8.275045728fbf41c11d3dae08b8742c054377e18d92cc7b72b6351152a99b64e4.lock
2020-12-08 19:42:18,090 - filelock - INFO - Lock 140005515259240 released on /root/.cache/torch/transformers/a99c21964f55b8b4f05719f2d0b7b1289238b9e77d9a96fd81c50d0c3022f8b8.275045728fbf41c11d3dae08b8742c054377e18d92cc7b72b6351152a99b64e4.lock
2020-12-08 19:42:18,123 - filelock - INFO - Lock 140005515259240 acquired on /root/.cache/torch/transformers/a06ae52f8d7746215677315832ce557790bbbebdabbb1ac7b70e0199d33967c1.73a933aa27255ce576c445dcdb8155b6edb6e4c43cceb14b4b81f9e699a818b7.lock
2020-12-08 19:42:18,160 - filelock - INFO - Lock 140005515259240 released on /root/.cache/torch/transformers/a06ae52f8d7746215677315832ce557790bbbebdabbb1ac7b70e0199d33967c1.73a933aa27255ce576c445dcdb8155b6edb6e4c43cceb14b4b81f9e699a818b7.lock
2020-12-08 19:42:18,706 - filelock - INFO - Lock 140005471850624 acquired on /root/.cache/torch/transformers/b8219294b53f3da80a25085ca9c2066b996455c9c1bf49b6a6f0d258abe66667.6a840629dc2552eb0c390b6c39ba894b3b8043c89ae1187baaee3f5630801580.lock
2020-12-08 19:42:40,449 - filelock - INFO - Lock 140005471850624 released on /root/.cache/torch/transformers/b8219294b53f3da80a25085ca9c2066b996455c9c1bf49b6a6f0d258abe66667.6a840629dc2552eb0c390b6c39ba894b3b8043c89ae1187baaee3f5630801580.lock
2020-12-08 19:42:52,902 - __main__ - INFO - STARTING TRAINING - covid_bert_two_train_16_3e5
2020-12-08 19:42:52,902 - __main__ - INFO - Epoch 1/4
2020-12-08 19:42:52,902 - __main__ - INFO - ----------
2020-12-08 19:44:54,427 - engine - INFO - bi=100, Train F1=0.938,Train loss=0.06444018334150314, time=121.52263689041138
2020-12-08 19:47:01,801 - engine - INFO - bi=200, Train F1=1.0,Train loss=0.01689727045595646, time=248.89656496047974
2020-12-08 19:49:08,368 - engine - INFO - bi=300, Train F1=0.936,Train loss=0.06727131456136703, time=375.46339559555054
2020-12-08 19:51:15,015 - engine - INFO - bi=400, Train F1=1.0,Train loss=0.015768878161907196, time=502.1098885536194
2020-12-08 19:51:15,951 - engine - INFO - bi=401, Train F1=1.0,Train loss=0.02344699762761593, time=503.0466504096985
2020-12-08 19:51:16,470 - __main__ - INFO - Train loss 0.1494881916517248 accuracy 0.951
2020-12-08 19:52:12,606 - engine - INFO - Accuracy:: 0.9761682242990655
2020-12-08 19:52:12,612 - engine - INFO - Mcc Score:: 0.9522948744927401
2020-12-08 19:52:12,617 - engine - INFO - Precision:: 0.9762464797343925
2020-12-08 19:52:12,621 - engine - INFO - Recall:: 0.9761682242990655
2020-12-08 19:52:12,625 - engine - INFO - F_score:: 0.9761592215752234
2020-12-08 19:52:12,625 - __main__ - INFO - Val loss 0.07041582333770191 accuracy 0.976
2020-12-08 19:53:18,823 - __main__ - INFO - Epoch 2/4
2020-12-08 19:53:18,823 - __main__ - INFO - ----------
2020-12-08 19:55:25,665 - engine - INFO - bi=100, Train F1=1.0,Train loss=0.0006032653618603945, time=126.83105444908142
2020-12-08 19:57:31,819 - engine - INFO - bi=200, Train F1=1.0,Train loss=0.000517497886903584, time=252.9857029914856
2020-12-08 19:59:37,828 - engine - INFO - bi=300, Train F1=1.0,Train loss=0.0004179077222943306, time=378.9948284626007
2020-12-08 20:01:44,085 - engine - INFO - bi=400, Train F1=1.0,Train loss=0.0034882226027548313, time=505.2508912086487
2020-12-08 20:01:45,014 - engine - INFO - bi=401, Train F1=1.0,Train loss=4.5506792957894504e-05, time=506.18073177337646
2020-12-08 20:01:45,510 - __main__ - INFO - Train loss 0.025579947984764866 accuracy 0.993
2020-12-08 20:02:41,670 - engine - INFO - Accuracy:: 0.9803738317757009
2020-12-08 20:02:41,676 - engine - INFO - Mcc Score:: 0.9606867165153319
2020-12-08 20:02:41,681 - engine - INFO - Precision:: 0.9804073236700894
2020-12-08 20:02:41,686 - engine - INFO - Recall:: 0.9803738317757009
2020-12-08 20:02:41,691 - engine - INFO - F_score:: 0.9803691051670427
2020-12-08 20:02:41,692 - __main__ - INFO - Val loss 0.09334748646821271 accuracy 0.98
2020-12-08 20:03:47,338 - __main__ - INFO - Epoch 3/4
2020-12-08 20:03:47,339 - __main__ - INFO - ----------
2020-12-08 20:05:53,938 - engine - INFO - bi=100, Train F1=1.0,Train loss=4.5215470890980214e-05, time=126.59658408164978
2020-12-08 20:08:00,137 - engine - INFO - bi=200, Train F1=1.0,Train loss=2.8103004297008738e-05, time=252.79565477371216
2020-12-08 20:10:06,011 - engine - INFO - bi=300, Train F1=1.0,Train loss=3.6259079934097826e-05, time=378.66911268234253
2020-12-08 20:12:12,031 - engine - INFO - bi=400, Train F1=1.0,Train loss=0.00014660408487543464, time=504.68972182273865
2020-12-08 20:12:12,958 - engine - INFO - bi=401, Train F1=1.0,Train loss=1.0490344720892608e-05, time=505.6162197589874
2020-12-08 20:12:13,447 - __main__ - INFO - Train loss 0.003194264433537384 accuracy 0.999
2020-12-08 20:13:09,511 - engine - INFO - Accuracy:: 0.9785046728971962
2020-12-08 20:13:09,518 - engine - INFO - Mcc Score:: 0.9570175292958566
2020-12-08 20:13:09,523 - engine - INFO - Precision:: 0.978623670157181
2020-12-08 20:13:09,527 - engine - INFO - Recall:: 0.9785046728971962
2020-12-08 20:13:09,533 - engine - INFO - F_score:: 0.9784946730472801
2020-12-08 20:13:09,533 - __main__ - INFO - Val loss 0.133427282425933 accuracy 0.979
2020-12-08 20:13:09,533 - __main__ - INFO - Epoch 4/4
2020-12-08 20:13:09,533 - __main__ - INFO - ----------
2020-12-08 20:15:16,221 - engine - INFO - bi=100, Train F1=1.0,Train loss=2.021278123720549e-05, time=126.68299889564514
2020-12-08 20:17:22,029 - engine - INFO - bi=200, Train F1=1.0,Train loss=0.0005306348321028054, time=252.49106812477112
2020-12-08 20:19:27,948 - engine - INFO - bi=300, Train F1=1.0,Train loss=7.387605000985786e-05, time=378.4104964733124
2020-12-08 20:21:33,962 - engine - INFO - bi=400, Train F1=1.0,Train loss=1.5154240827541798e-05, time=504.4238829612732
2020-12-08 20:21:34,895 - engine - INFO - bi=401, Train F1=1.0,Train loss=1.338100446446333e-05, time=505.3568892478943
2020-12-08 20:21:35,393 - __main__ - INFO - Train loss 0.0002915457446973806 accuracy 1.0
2020-12-08 20:22:31,287 - engine - INFO - Accuracy:: 0.9794392523364486
2020-12-08 20:22:31,294 - engine - INFO - Mcc Score:: 0.958892522441106
2020-12-08 20:22:31,298 - engine - INFO - Precision:: 0.9795592527967405
2020-12-08 20:22:31,303 - engine - INFO - Recall:: 0.9794392523364486
2020-12-08 20:22:31,307 - engine - INFO - F_score:: 0.9794296872626155
2020-12-08 20:22:31,307 - __main__ - INFO - Val loss 0.13093915054931998 accuracy 0.979
2020-12-08 20:22:31,869 - __main__ - INFO - ##################################### Task End ############################################
2020-12-08 20:22:42,360 - numexpr.utils - INFO - NumExpr defaulting to 2 threads.
2020-12-08 20:22:42,388 - __main__ - INFO - train len - 6420 valid len - 2140
2020-12-08 20:22:42,441 - filelock - INFO - Lock 139751041186896 acquired on /root/.cache/torch/transformers/06c08d3420b1c6c286c28fc30904a4d240a90d47d551da2e26195702ebf70584.c1644c9194182a23edac580622089e0735a86fd0ce32da2149e1dfdc01c93133.lock
2020-12-08 20:22:42,491 - filelock - INFO - Lock 139751041186896 released on /root/.cache/torch/transformers/06c08d3420b1c6c286c28fc30904a4d240a90d47d551da2e26195702ebf70584.c1644c9194182a23edac580622089e0735a86fd0ce32da2149e1dfdc01c93133.lock
2020-12-08 20:22:42,548 - filelock - INFO - Lock 139751038463728 acquired on /root/.cache/torch/transformers/cebb67abfb315311b9a7ef31d5c9b671ec8326fa1d3b9e89e91f07aa691beaea.94e3a293eec556fae71aedb4ad867155e9606270fe6c7e94338cc81192328b0b.lock
2020-12-08 20:22:42,636 - filelock - INFO - Lock 139751038463728 released on /root/.cache/torch/transformers/cebb67abfb315311b9a7ef31d5c9b671ec8326fa1d3b9e89e91f07aa691beaea.94e3a293eec556fae71aedb4ad867155e9606270fe6c7e94338cc81192328b0b.lock
2020-12-08 20:22:42,707 - filelock - INFO - Lock 139751085888792 acquired on /root/.cache/torch/transformers/27797be1c43a934f13609df8f6b7056be40304559e1f8035ba05028fbba43a05.275045728fbf41c11d3dae08b8742c054377e18d92cc7b72b6351152a99b64e4.lock
2020-12-08 20:22:42,785 - filelock - INFO - Lock 139751085888792 released on /root/.cache/torch/transformers/27797be1c43a934f13609df8f6b7056be40304559e1f8035ba05028fbba43a05.275045728fbf41c11d3dae08b8742c054377e18d92cc7b72b6351152a99b64e4.lock
2020-12-08 20:22:42,826 - filelock - INFO - Lock 139751085888792 acquired on /root/.cache/torch/transformers/7bca092f9169584026aa1313c9f962b107388417c8b479dbcae27897f01a3cc9.6401b9a203452bd4bba54c575efd5abe3d7957f59ea3fb73ff3ad02082d1ca1c.lock
2020-12-08 20:22:42,926 - filelock - INFO - Lock 139751085888792 released on /root/.cache/torch/transformers/7bca092f9169584026aa1313c9f962b107388417c8b479dbcae27897f01a3cc9.6401b9a203452bd4bba54c575efd5abe3d7957f59ea3fb73ff3ad02082d1ca1c.lock
2020-12-08 20:22:43,393 - filelock - INFO - Lock 139750994709808 acquired on /root/.cache/torch/transformers/a02cb160d2392597a7dcd1ae2969eb86c5a23fd0e3c7083b579103ecc6fdeefc.54ef72bfac1e5cdad6951b9ca1527d5cda50b49ec00b613c684130cf146862fa.lock
2020-12-08 20:22:51,304 - filelock - INFO - Lock 139750994709808 released on /root/.cache/torch/transformers/a02cb160d2392597a7dcd1ae2969eb86c5a23fd0e3c7083b579103ecc6fdeefc.54ef72bfac1e5cdad6951b9ca1527d5cda50b49ec00b613c684130cf146862fa.lock
2020-12-08 20:22:59,950 - __main__ - INFO - STARTING TRAINING - bio_bert_two_train_16_3e5
2020-12-08 20:22:59,951 - __main__ - INFO - Epoch 1/8
2020-12-08 20:22:59,951 - __main__ - INFO - ----------
2020-12-08 20:23:44,225 - engine - INFO - bi=100, Train F1=0.819,Train loss=0.30392181873321533, time=44.27219486236572
2020-12-08 20:24:27,360 - engine - INFO - bi=200, Train F1=0.937,Train loss=0.190272718667984, time=87.40738463401794
2020-12-08 20:25:10,640 - engine - INFO - bi=300, Train F1=0.936,Train loss=0.2801346480846405, time=130.68690156936646
2020-12-08 20:25:53,684 - engine - INFO - bi=400, Train F1=0.938,Train loss=0.12276382744312286, time=173.73151898384094
2020-12-08 20:25:53,986 - engine - INFO - bi=401, Train F1=1.0,Train loss=0.11738114058971405, time=174.03265571594238
2020-12-08 20:25:54,236 - __main__ - INFO - Train loss 0.24748147899558331 accuracy 0.9
2020-12-08 20:26:16,712 - engine - INFO - Accuracy:: 0.9448598130841122
2020-12-08 20:26:16,718 - engine - INFO - Mcc Score:: 0.8911704865653226
2020-12-08 20:26:16,724 - engine - INFO - Precision:: 0.9467249624254762
2020-12-08 20:26:16,729 - engine - INFO - Recall:: 0.9448598130841122
2020-12-08 20:26:16,734 - engine - INFO - F_score:: 0.9447097353536676
2020-12-08 20:26:16,734 - __main__ - INFO - Val loss 0.1505297220020152 accuracy 0.945
2020-12-08 20:26:43,531 - __main__ - INFO - Epoch 2/8
2020-12-08 20:26:43,531 - __main__ - INFO - ----------
2020-12-08 20:27:27,042 - engine - INFO - bi=100, Train F1=0.936,Train loss=0.3458020091056824, time=43.50497055053711
2020-12-08 20:28:10,200 - engine - INFO - bi=200, Train F1=1.0,Train loss=0.03733506798744202, time=86.66248393058777
2020-12-08 20:28:53,336 - engine - INFO - bi=300, Train F1=1.0,Train loss=0.006535051390528679, time=129.79852390289307
2020-12-08 20:29:36,306 - engine - INFO - bi=400, Train F1=1.0,Train loss=0.0017994239460676908, time=172.7693281173706
2020-12-08 20:29:36,609 - engine - INFO - bi=401, Train F1=1.0,Train loss=0.00020120370027143508, time=173.07230734825134
2020-12-08 20:29:36,842 - __main__ - INFO - Train loss 0.09388842826046134 accuracy 0.972
2020-12-08 20:29:59,279 - engine - INFO - Accuracy:: 0.9341121495327103
2020-12-08 20:29:59,285 - engine - INFO - Mcc Score:: 0.8720633609601807
2020-12-08 20:29:59,289 - engine - INFO - Precision:: 0.9385653325006651
2020-12-08 20:29:59,295 - engine - INFO - Recall:: 0.9341121495327103
2020-12-08 20:29:59,299 - engine - INFO - F_score:: 0.9337718777654942
2020-12-08 20:29:59,300 - __main__ - INFO - Val loss 0.3198068562730862 accuracy 0.934
2020-12-08 20:29:59,300 - __main__ - INFO - Epoch 3/8
2020-12-08 20:29:59,300 - __main__ - INFO - ----------
2020-12-08 20:30:42,616 - engine - INFO - bi=100, Train F1=1.0,Train loss=0.001438829698599875, time=43.310765743255615
2020-12-08 20:31:25,621 - engine - INFO - bi=200, Train F1=1.0,Train loss=0.00013435306027531624, time=86.31603837013245
2020-12-08 20:32:08,670 - engine - INFO - bi=300, Train F1=1.0,Train loss=0.0002941683924291283, time=129.36540269851685
2020-12-08 20:32:51,751 - engine - INFO - bi=400, Train F1=1.0,Train loss=0.00015059288125485182, time=172.44572520256042
2020-12-08 20:32:52,046 - engine - INFO - bi=401, Train F1=1.0,Train loss=0.0024001807905733585, time=172.74155497550964
2020-12-08 20:32:52,289 - __main__ - INFO - Train loss 0.03181560555194167 accuracy 0.991
2020-12-08 20:33:14,838 - engine - INFO - Accuracy:: 0.9602803738317757
2020-12-08 20:33:14,845 - engine - INFO - Mcc Score:: 0.9204255663148269
2020-12-08 20:33:14,849 - engine - INFO - Precision:: 0.9603450490148786
2020-12-08 20:33:14,854 - engine - INFO - Recall:: 0.9602803738317757
2020-12-08 20:33:14,858 - engine - INFO - F_score:: 0.9602653692920391
2020-12-08 20:33:14,859 - __main__ - INFO - Val loss 0.2219665613191145 accuracy 0.96
2020-12-08 20:33:41,356 - __main__ - INFO - Epoch 4/8
2020-12-08 20:33:41,356 - __main__ - INFO - ----------
2020-12-08 20:34:24,796 - engine - INFO - bi=100, Train F1=1.0,Train loss=0.009581468068063259, time=43.437172651290894
2020-12-08 20:35:07,591 - engine - INFO - bi=200, Train F1=0.938,Train loss=0.19535350799560547, time=86.23191261291504
2020-12-08 20:35:50,578 - engine - INFO - bi=300, Train F1=1.0,Train loss=0.0013605516869574785, time=129.21901869773865
2020-12-08 20:36:33,428 - engine - INFO - bi=400, Train F1=1.0,Train loss=0.0016582633834332228, time=172.0694317817688
2020-12-08 20:36:33,731 - engine - INFO - bi=401, Train F1=1.0,Train loss=6.791656778659672e-05, time=172.37238836288452
2020-12-08 20:36:33,969 - __main__ - INFO - Train loss 0.010579309775340193 accuracy 0.997
2020-12-08 20:36:56,479 - engine - INFO - Accuracy:: 0.958411214953271
2020-12-08 20:36:56,486 - engine - INFO - Mcc Score:: 0.916640151048746
2020-12-08 20:36:56,491 - engine - INFO - Precision:: 0.9584273495674137
2020-12-08 20:36:56,497 - engine - INFO - Recall:: 0.958411214953271
2020-12-08 20:36:56,502 - engine - INFO - F_score:: 0.9584022830119387
2020-12-08 20:36:56,502 - __main__ - INFO - Val loss 0.2646917629503856 accuracy 0.958
2020-12-08 20:36:56,502 - __main__ - INFO - Epoch 5/8
2020-12-08 20:36:56,502 - __main__ - INFO - ----------
2020-12-08 20:37:39,719 - engine - INFO - bi=100, Train F1=1.0,Train loss=4.0314200305147097e-05, time=43.21308183670044
2020-12-08 20:38:22,520 - engine - INFO - bi=200, Train F1=1.0,Train loss=3.481575913610868e-05, time=86.01421999931335
2020-12-08 20:39:05,288 - engine - INFO - bi=300, Train F1=1.0,Train loss=3.53816976712551e-05, time=128.7822618484497
2020-12-08 20:39:48,075 - engine - INFO - bi=400, Train F1=1.0,Train loss=2.850545570254326e-05, time=171.56986045837402
2020-12-08 20:39:48,377 - engine - INFO - bi=401, Train F1=1.0,Train loss=2.264949944219552e-05, time=171.87164950370789
2020-12-08 20:39:48,610 - __main__ - INFO - Train loss 0.0005827374067681303 accuracy 1.0
2020-12-08 20:40:10,998 - engine - INFO - Accuracy:: 0.9602803738317757
2020-12-08 20:40:11,005 - engine - INFO - Mcc Score:: 0.9204444860162411
2020-12-08 20:40:11,010 - engine - INFO - Precision:: 0.9603674120537802
2020-12-08 20:40:11,014 - engine - INFO - Recall:: 0.9602803738317757
2020-12-08 20:40:11,019 - engine - INFO - F_score:: 0.960263071186926
2020-12-08 20:40:11,019 - __main__ - INFO - Val loss 0.29108143909594325 accuracy 0.96
2020-12-08 20:40:11,019 - __main__ - INFO - Epoch 6/8
2020-12-08 20:40:11,019 - __main__ - INFO - ----------
2020-12-08 20:40:54,320 - engine - INFO - bi=100, Train F1=1.0,Train loss=2.791681617964059e-05, time=43.295949935913086
2020-12-08 20:41:37,193 - engine - INFO - bi=200, Train F1=1.0,Train loss=0.0017365034436807036, time=86.16948413848877
2020-12-08 20:42:20,155 - engine - INFO - bi=300, Train F1=1.0,Train loss=2.1092298993607983e-05, time=129.13193273544312
2020-12-08 20:43:02,908 - engine - INFO - bi=400, Train F1=1.0,Train loss=2.87509938061703e-05, time=171.88436031341553
2020-12-08 20:43:03,210 - engine - INFO - bi=401, Train F1=1.0,Train loss=2.7000289264833555e-05, time=172.18699717521667
2020-12-08 20:43:03,457 - __main__ - INFO - Train loss 0.0010977771054234862 accuracy 1.0
2020-12-08 20:43:25,879 - engine - INFO - Accuracy:: 0.9635514018691589
2020-12-08 20:43:25,886 - engine - INFO - Mcc Score:: 0.9269782801201698
2020-12-08 20:43:25,890 - engine - INFO - Precision:: 0.9636086790667097
2020-12-08 20:43:25,895 - engine - INFO - Recall:: 0.9635514018691589
2020-12-08 20:43:25,899 - engine - INFO - F_score:: 0.9635386633083778
2020-12-08 20:43:25,900 - __main__ - INFO - Val loss 0.2929402963909388 accuracy 0.964
2020-12-08 20:43:52,491 - __main__ - INFO - Epoch 7/8
2020-12-08 20:43:52,491 - __main__ - INFO - ----------
2020-12-08 20:44:36,016 - engine - INFO - bi=100, Train F1=1.0,Train loss=2.3833954401197843e-05, time=43.52264380455017
2020-12-08 20:45:18,909 - engine - INFO - bi=200, Train F1=1.0,Train loss=4.672572322306223e-05, time=86.4154725074768
2020-12-08 20:46:01,896 - engine - INFO - bi=300, Train F1=1.0,Train loss=3.0195129511412233e-05, time=129.40277647972107
2020-12-08 20:46:44,805 - engine - INFO - bi=400, Train F1=1.0,Train loss=1.832823545555584e-05, time=172.31125402450562
2020-12-08 20:46:45,108 - engine - INFO - bi=401, Train F1=1.0,Train loss=1.5467281627934426e-05, time=172.61502170562744
2020-12-08 20:46:45,344 - __main__ - INFO - Train loss 3.340254662855194e-05 accuracy 1.0
2020-12-08 20:47:07,767 - engine - INFO - Accuracy:: 0.9551401869158879
2020-12-08 20:47:07,774 - engine - INFO - Mcc Score:: 0.9105678590550904
2020-12-08 20:47:07,780 - engine - INFO - Precision:: 0.9557018553473597
2020-12-08 20:47:07,784 - engine - INFO - Recall:: 0.9551401869158879
2020-12-08 20:47:07,789 - engine - INFO - F_score:: 0.9550850959173635
2020-12-08 20:47:07,789 - __main__ - INFO - Val loss 0.3310180473129671 accuracy 0.955
2020-12-08 20:47:07,790 - __main__ - INFO - Epoch 8/8
2020-12-08 20:47:07,790 - __main__ - INFO - ----------
2020-12-08 20:47:51,014 - engine - INFO - bi=100, Train F1=1.0,Train loss=0.0002739134943112731, time=43.219667196273804
2020-12-08 20:48:33,888 - engine - INFO - bi=200, Train F1=1.0,Train loss=2.7342484827386215e-05, time=86.09408354759216
2020-12-08 20:49:16,703 - engine - INFO - bi=300, Train F1=1.0,Train loss=1.8283521058037877e-05, time=128.90844202041626
2020-12-08 20:49:59,460 - engine - INFO - bi=400, Train F1=1.0,Train loss=1.4677515537186991e-05, time=171.6659893989563
2020-12-08 20:49:59,760 - engine - INFO - bi=401, Train F1=1.0,Train loss=1.478184185543796e-05, time=171.96597242355347
2020-12-08 20:49:59,998 - __main__ - INFO - Train loss 4.268327444803088e-05 accuracy 1.0
2020-12-08 20:50:22,355 - engine - INFO - Accuracy:: 0.9621495327102804
2020-12-08 20:50:22,361 - engine - INFO - Mcc Score:: 0.9242168633122976
2020-12-08 20:50:22,365 - engine - INFO - Precision:: 0.9622643240097476
2020-12-08 20:50:22,370 - engine - INFO - Recall:: 0.9621495327102804
2020-12-08 20:50:22,374 - engine - INFO - F_score:: 0.9621307875454579
2020-12-08 20:50:22,374 - __main__ - INFO - Val loss 0.30304206001012823 accuracy 0.962
2020-12-08 20:50:22,815 - __main__ - INFO - ##################################### Task End ############################################
2020-12-08 20:50:28,400 - numexpr.utils - INFO - NumExpr defaulting to 2 threads.
2020-12-08 20:50:28,429 - __main__ - INFO - train len - 6420 valid len - 2140
2020-12-08 20:50:28,470 - filelock - INFO - Lock 140608741540304 acquired on /root/.cache/torch/transformers/199e28e62d2210c23d63625bd9eecc20cf72a156b29e2a540d4933af4f50bda1.4b6b9f5d813f7395e7ea533039e02deb1723d8fd9d8ba655391a01a69ad6223d.lock
2020-12-08 20:50:28,529 - filelock - INFO - Lock 140608741540304 released on /root/.cache/torch/transformers/199e28e62d2210c23d63625bd9eecc20cf72a156b29e2a540d4933af4f50bda1.4b6b9f5d813f7395e7ea533039e02deb1723d8fd9d8ba655391a01a69ad6223d.lock
2020-12-08 20:50:28,566 - filelock - INFO - Lock 140607368959424 acquired on /root/.cache/torch/transformers/e3debd8fbdf40874753724814ee0520f612b577b26c8755bca485103b47cd3bc.60287becc5ab96d85a4bf377eb90feaf3b9c80d3b23e84311dccd3588f56d4fb.lock
2020-12-08 20:50:28,728 - filelock - INFO - Lock 140607368959424 released on /root/.cache/torch/transformers/e3debd8fbdf40874753724814ee0520f612b577b26c8755bca485103b47cd3bc.60287becc5ab96d85a4bf377eb90feaf3b9c80d3b23e84311dccd3588f56d4fb.lock
2020-12-08 20:50:29,314 - filelock - INFO - Lock 140607375794864 acquired on /root/.cache/torch/transformers/54e18c298451d3195ba8359e7a3fa2bc04c70c730c5b6744928278e67940eacb.7587182ea55c40bf7fd0961c1176c31fa22558da2bf20c199874fa5a8ecb4613.lock
2020-12-08 20:50:35,621 - filelock - INFO - Lock 140607375794864 released on /root/.cache/torch/transformers/54e18c298451d3195ba8359e7a3fa2bc04c70c730c5b6744928278e67940eacb.7587182ea55c40bf7fd0961c1176c31fa22558da2bf20c199874fa5a8ecb4613.lock
2020-12-08 20:50:43,134 - __main__ - INFO - STARTING TRAINING - sci_bert_two_train_32_3e5
2020-12-08 20:50:43,134 - __main__ - INFO - Epoch 1/4
2020-12-08 20:50:43,134 - __main__ - INFO - ----------
2020-12-08 20:51:56,060 - engine - INFO - bi=100, Train F1=0.936,Train loss=0.1141047552227974, time=72.92381548881531
2020-12-08 20:53:07,589 - engine - INFO - bi=200, Train F1=0.951,Train loss=0.2928611934185028, time=144.45327520370483
2020-12-08 20:53:08,043 - __main__ - INFO - Train loss 0.22608202238062128 accuracy 0.908
2020-12-08 20:53:25,019 - engine - INFO - Accuracy:: 0.938785046728972
2020-12-08 20:53:25,025 - engine - INFO - Mcc Score:: 0.881121529927825
2020-12-08 20:53:25,030 - engine - INFO - Precision:: 0.9423541800413694
2020-12-08 20:53:25,035 - engine - INFO - Recall:: 0.938785046728972
2020-12-08 20:53:25,039 - engine - INFO - F_score:: 0.9387937486594844
2020-12-08 20:53:25,039 - __main__ - INFO - Val loss 0.1645392748290923 accuracy 0.939
2020-12-08 20:53:44,792 - __main__ - INFO - Epoch 2/4
2020-12-08 20:53:44,792 - __main__ - INFO - ----------
2020-12-08 20:54:57,163 - engine - INFO - bi=100, Train F1=0.938,Train loss=0.1636042445898056, time=72.36438536643982
2020-12-08 20:56:08,790 - engine - INFO - bi=200, Train F1=1.0,Train loss=0.015906555578112602, time=143.99119305610657
2020-12-08 20:56:09,235 - __main__ - INFO - Train loss 0.08786832006180205 accuracy 0.971
2020-12-08 20:56:26,324 - engine - INFO - Accuracy:: 0.95
2020-12-08 20:56:26,330 - engine - INFO - Mcc Score:: 0.8999186675744334
2020-12-08 20:56:26,335 - engine - INFO - Precision:: 0.9501920080753111
2020-12-08 20:56:26,340 - engine - INFO - Recall:: 0.95
2020-12-08 20:56:26,344 - engine - INFO - F_score:: 0.9499657644925751
2020-12-08 20:56:26,344 - __main__ - INFO - Val loss 0.16296848431125338 accuracy 0.95
2020-12-08 20:56:46,361 - __main__ - INFO - Epoch 3/4
2020-12-08 20:56:46,361 - __main__ - INFO - ----------
2020-12-08 20:57:58,479 - engine - INFO - bi=100, Train F1=1.0,Train loss=0.0003775395452976227, time=72.11550617218018
2020-12-08 20:59:09,697 - engine - INFO - bi=200, Train F1=1.0,Train loss=0.00010501284123165533, time=143.3327672481537
2020-12-08 20:59:10,141 - __main__ - INFO - Train loss 0.02340490454104897 accuracy 0.993
2020-12-08 20:59:27,247 - engine - INFO - Accuracy:: 0.9439252336448598
2020-12-08 20:59:27,254 - engine - INFO - Mcc Score:: 0.8896135997691985
2020-12-08 20:59:27,259 - engine - INFO - Precision:: 0.9461247146736713
2020-12-08 20:59:27,263 - engine - INFO - Recall:: 0.9439252336448598
2020-12-08 20:59:27,267 - engine - INFO - F_score:: 0.9437540470934647
2020-12-08 20:59:27,267 - __main__ - INFO - Val loss 0.2721190077280704 accuracy 0.944
2020-12-08 20:59:27,267 - __main__ - INFO - Epoch 4/4
2020-12-08 20:59:27,267 - __main__ - INFO - ----------
2020-12-08 21:00:39,177 - engine - INFO - bi=100, Train F1=1.0,Train loss=0.00016624678391963243, time=71.9067268371582
2020-12-08 21:01:50,418 - engine - INFO - bi=200, Train F1=1.0,Train loss=0.0002230542741017416, time=143.14759373664856
2020-12-08 21:01:50,861 - __main__ - INFO - Train loss 0.006029242090710736 accuracy 0.998
2020-12-08 21:02:07,939 - engine - INFO - Accuracy:: 0.958411214953271
2020-12-08 21:02:07,945 - engine - INFO - Mcc Score:: 0.9166609804558141
2020-12-08 21:02:07,949 - engine - INFO - Precision:: 0.9584554233979943
2020-12-08 21:02:07,954 - engine - INFO - Recall:: 0.958411214953271
2020-12-08 21:02:07,958 - engine - INFO - F_score:: 0.9583978372028717
2020-12-08 21:02:07,959 - __main__ - INFO - Val loss 0.21056562514297808 accuracy 0.958
2020-12-08 21:02:28,348 - __main__ - INFO - ##################################### Task End ############################################
