2020-12-09 18:22:32,363 - numexpr.utils - INFO - NumExpr defaulting to 2 threads.
2020-12-09 18:22:32,395 - __main__ - INFO - train len - 6420 valid len - 2140
2020-12-09 18:23:06,387 - __main__ - INFO - STARTING TRAINING - bert_large_two_train_16_2e5
2020-12-09 18:23:06,387 - __main__ - INFO - Epoch 1/5
2020-12-09 18:23:06,387 - __main__ - INFO - ----------
2020-12-09 18:24:06,741 - engine - INFO - bi=50, Train F1=0.813,Train loss=0.5979892015457153, time=60.349855184555054
2020-12-09 18:25:11,420 - engine - INFO - bi=100, Train F1=1.0,Train loss=0.07587800920009613, time=125.02945327758789
2020-12-09 18:26:15,119 - engine - INFO - bi=150, Train F1=0.937,Train loss=0.4128718972206116, time=188.72879815101624
2020-12-09 18:27:18,989 - engine - INFO - bi=200, Train F1=0.873,Train loss=0.21896548569202423, time=252.5981113910675
2020-12-09 18:28:23,009 - engine - INFO - bi=250, Train F1=0.938,Train loss=0.11694535613059998, time=316.61878180503845
2020-12-09 18:29:26,904 - engine - INFO - bi=300, Train F1=1.0,Train loss=0.009992487728595734, time=380.5131323337555
2020-12-09 18:30:30,479 - engine - INFO - bi=350, Train F1=0.937,Train loss=0.12533684074878693, time=444.0885896682739
2020-12-09 18:31:34,017 - engine - INFO - bi=400, Train F1=0.81,Train loss=0.3456391990184784, time=507.6265425682068
2020-12-09 18:31:34,978 - engine - INFO - bi=401, Train F1=0.767,Train loss=1.1927422285079956, time=508.5877728462219
2020-12-09 18:31:35,523 - __main__ - INFO - Train loss 0.21355677065535086 accuracy 0.921
2020-12-09 18:32:31,860 - engine - INFO - Accuracy:: 0.9542056074766355
2020-12-09 18:32:31,866 - engine - INFO - Mcc Score:: 0.9092429930654882
2020-12-09 18:32:31,871 - engine - INFO - Precision:: 0.9553489484365507
2020-12-09 18:32:31,875 - engine - INFO - Recall:: 0.9542056074766355
2020-12-09 18:32:31,880 - engine - INFO - F_score:: 0.9541177838481731
2020-12-09 18:32:31,880 - __main__ - INFO - Val loss 0.1547145320696812 accuracy 0.954
2020-12-09 18:33:29,138 - __main__ - INFO - Epoch 2/5
2020-12-09 18:33:29,139 - __main__ - INFO - ----------
2020-12-09 18:34:33,430 - engine - INFO - bi=50, Train F1=0.939,Train loss=0.5304990410804749, time=64.28334927558899
2020-12-09 18:35:36,933 - engine - INFO - bi=100, Train F1=1.0,Train loss=0.00018437555991113186, time=127.78666234016418
2020-12-09 18:36:40,349 - engine - INFO - bi=150, Train F1=1.0,Train loss=0.0037659574300050735, time=191.20235991477966
2020-12-09 18:37:43,819 - engine - INFO - bi=200, Train F1=1.0,Train loss=0.0012861944269388914, time=254.67205238342285
2020-12-09 18:38:47,263 - engine - INFO - bi=250, Train F1=1.0,Train loss=0.0007184474961832166, time=318.11617708206177
2020-12-09 18:39:50,529 - engine - INFO - bi=300, Train F1=1.0,Train loss=0.001209834823384881, time=381.38260316848755
2020-12-09 18:40:53,944 - engine - INFO - bi=350, Train F1=1.0,Train loss=0.0004929308197461069, time=444.7976794242859
2020-12-09 18:41:57,251 - engine - INFO - bi=400, Train F1=1.0,Train loss=0.00015095234266482294, time=508.1039021015167
2020-12-09 18:41:58,197 - engine - INFO - bi=401, Train F1=1.0,Train loss=5.048319144407287e-05, time=509.0503466129303
2020-12-09 18:41:58,729 - __main__ - INFO - Train loss 0.07394973941953692 accuracy 0.98
2020-12-09 18:42:55,372 - engine - INFO - Accuracy:: 0.9616822429906542
2020-12-09 18:42:55,378 - engine - INFO - Mcc Score:: 0.9232166993056963
2020-12-09 18:42:55,383 - engine - INFO - Precision:: 0.9616954129924129
2020-12-09 18:42:55,387 - engine - INFO - Recall:: 0.9616822429906542
2020-12-09 18:42:55,392 - engine - INFO - F_score:: 0.9616854624178822
2020-12-09 18:42:55,392 - __main__ - INFO - Val loss 0.1790289344274093 accuracy 0.962
2020-12-09 18:43:53,018 - __main__ - INFO - Epoch 3/5
2020-12-09 18:43:53,018 - __main__ - INFO - ----------
2020-12-09 18:44:57,288 - engine - INFO - bi=50, Train F1=1.0,Train loss=0.00012526428326964378, time=64.26636457443237
2020-12-09 18:46:00,631 - engine - INFO - bi=100, Train F1=1.0,Train loss=0.0001016348905977793, time=127.60928773880005
2020-12-09 18:47:03,926 - engine - INFO - bi=150, Train F1=1.0,Train loss=0.0012308843433856964, time=190.90420293807983
2020-12-09 18:48:07,137 - engine - INFO - bi=200, Train F1=1.0,Train loss=5.505672743311152e-05, time=254.11542224884033
2020-12-09 18:49:10,454 - engine - INFO - bi=250, Train F1=1.0,Train loss=0.00011210389493498951, time=317.4327383041382
2020-12-09 18:50:13,852 - engine - INFO - bi=300, Train F1=1.0,Train loss=0.0013602491235360503, time=380.8304662704468
2020-12-09 18:51:17,207 - engine - INFO - bi=350, Train F1=1.0,Train loss=0.0010648835450410843, time=444.1854431629181
2020-12-09 18:52:20,416 - engine - INFO - bi=400, Train F1=1.0,Train loss=0.0004869953845627606, time=507.39429569244385
2020-12-09 18:52:21,357 - engine - INFO - bi=401, Train F1=1.0,Train loss=3.0844708817312494e-05, time=508.3350715637207
2020-12-09 18:52:21,895 - __main__ - INFO - Train loss 0.01538390387173621 accuracy 0.997
2020-12-09 18:53:18,330 - engine - INFO - Accuracy:: 0.9649532710280374
2020-12-09 18:53:18,336 - engine - INFO - Mcc Score:: 0.9298188968294656
2020-12-09 18:53:18,342 - engine - INFO - Precision:: 0.9650449763655875
2020-12-09 18:53:18,347 - engine - INFO - Recall:: 0.9649532710280374
2020-12-09 18:53:18,352 - engine - INFO - F_score:: 0.964938003988464
2020-12-09 18:53:18,352 - __main__ - INFO - Val loss 0.22965125970698755 accuracy 0.965
2020-12-09 18:54:15,759 - __main__ - INFO - Epoch 4/5
2020-12-09 18:54:15,759 - __main__ - INFO - ----------
2020-12-09 18:55:19,741 - engine - INFO - bi=50, Train F1=1.0,Train loss=0.00013884536747355014, time=63.978429079055786
2020-12-09 18:56:23,009 - engine - INFO - bi=100, Train F1=1.0,Train loss=8.001269452506676e-05, time=127.24593496322632
2020-12-09 18:57:26,256 - engine - INFO - bi=150, Train F1=1.0,Train loss=6.623065564781427e-05, time=190.49373030662537
2020-12-09 18:58:29,635 - engine - INFO - bi=200, Train F1=1.0,Train loss=4.693847586167976e-06, time=253.87213110923767
2020-12-09 18:59:33,003 - engine - INFO - bi=250, Train F1=1.0,Train loss=2.106161628034897e-05, time=317.2399878501892
2020-12-09 19:00:36,278 - engine - INFO - bi=300, Train F1=1.0,Train loss=3.5551820474211127e-05, time=380.5149450302124
2020-12-09 19:01:39,678 - engine - INFO - bi=350, Train F1=1.0,Train loss=0.00038977983058430254, time=443.91512155532837
2020-12-09 19:02:42,863 - engine - INFO - bi=400, Train F1=1.0,Train loss=9.156671694654506e-06, time=507.1000201702118
2020-12-09 19:02:43,808 - engine - INFO - bi=401, Train F1=1.0,Train loss=1.2844634511566255e-05, time=508.0455422401428
2020-12-09 19:02:44,338 - __main__ - INFO - Train loss 0.006967184511995357 accuracy 0.998
2020-12-09 19:03:40,798 - engine - INFO - Accuracy:: 0.9654205607476636
2020-12-09 19:03:40,805 - engine - INFO - Mcc Score:: 0.9308121486779566
2020-12-09 19:03:40,810 - engine - INFO - Precision:: 0.9655214943202842
2020-12-09 19:03:40,814 - engine - INFO - Recall:: 0.9654205607476636
2020-12-09 19:03:40,819 - engine - INFO - F_score:: 0.9654296665629029
2020-12-09 19:03:40,820 - __main__ - INFO - Val loss 0.2538967639893395 accuracy 0.965
2020-12-09 19:03:40,820 - __main__ - INFO - Epoch 5/5
2020-12-09 19:03:40,820 - __main__ - INFO - ----------
2020-12-09 19:04:44,924 - engine - INFO - bi=50, Train F1=1.0,Train loss=8.56064616527874e-06, time=64.10113430023193
2020-12-09 19:05:48,466 - engine - INFO - bi=100, Train F1=1.0,Train loss=5.769878771388903e-05, time=127.64270877838135
2020-12-09 19:06:51,568 - engine - INFO - bi=150, Train F1=1.0,Train loss=1.0192219633609056e-05, time=190.7454535961151
2020-12-09 19:07:54,809 - engine - INFO - bi=200, Train F1=1.0,Train loss=4.671499027608661e-06, time=253.98628449440002
2020-12-09 19:08:58,084 - engine - INFO - bi=250, Train F1=1.0,Train loss=7.718739652773365e-06, time=317.2610182762146
2020-12-09 19:10:01,378 - engine - INFO - bi=300, Train F1=1.0,Train loss=1.7687054423731752e-05, time=380.5549499988556
2020-12-09 19:11:04,752 - engine - INFO - bi=350, Train F1=1.0,Train loss=7.674059816054069e-06, time=443.9293849468231
2020-12-09 19:12:07,899 - engine - INFO - bi=400, Train F1=1.0,Train loss=7.219567578431452e-06, time=507.0759947299957
2020-12-09 19:12:08,849 - engine - INFO - bi=401, Train F1=1.0,Train loss=3.159038897138089e-06, time=508.0255470275879
2020-12-09 19:12:09,391 - __main__ - INFO - Train loss 0.001964240566802805 accuracy 0.999
2020-12-09 19:13:06,008 - engine - INFO - Accuracy:: 0.9668224299065421
2020-12-09 19:13:06,015 - engine - INFO - Mcc Score:: 0.9335310741793732
2020-12-09 19:13:06,020 - engine - INFO - Precision:: 0.9668726762142448
2020-12-09 19:13:06,024 - engine - INFO - Recall:: 0.9668224299065421
2020-12-09 19:13:06,029 - engine - INFO - F_score:: 0.966811757768583
2020-12-09 19:13:06,030 - __main__ - INFO - Val loss 0.2633747066731452 accuracy 0.967
2020-12-09 19:14:04,857 - __main__ - INFO - ##################################### Task End ############################################
2020-12-09 19:14:11,704 - numexpr.utils - INFO - NumExpr defaulting to 2 threads.
2020-12-09 19:14:11,737 - __main__ - INFO - train len - 6420 valid len - 2140
2020-12-09 19:14:49,488 - __main__ - INFO - STARTING TRAINING - bert_large_two_train_16_3e5
2020-12-09 19:14:49,488 - __main__ - INFO - Epoch 1/5
2020-12-09 19:14:49,488 - __main__ - INFO - ----------
2020-12-09 19:15:54,695 - engine - INFO - bi=50, Train F1=0.75,Train loss=0.4006410837173462, time=65.20343732833862
2020-12-09 19:16:58,026 - engine - INFO - bi=100, Train F1=1.0,Train loss=0.03898147493600845, time=128.53405451774597
2020-12-09 19:18:02,077 - engine - INFO - bi=150, Train F1=0.875,Train loss=0.22064951062202454, time=192.58577179908752
2020-12-09 19:19:06,014 - engine - INFO - bi=200, Train F1=0.873,Train loss=0.26917392015457153, time=256.52257442474365
2020-12-09 19:20:09,749 - engine - INFO - bi=250, Train F1=1.0,Train loss=0.08622036874294281, time=320.25756788253784
2020-12-09 19:21:13,502 - engine - INFO - bi=300, Train F1=1.0,Train loss=0.004448669031262398, time=384.0110113620758
2020-12-09 19:22:17,215 - engine - INFO - bi=350, Train F1=0.937,Train loss=0.12836676836013794, time=447.7239077091217
2020-12-09 19:23:20,809 - engine - INFO - bi=400, Train F1=0.81,Train loss=0.9148865938186646, time=511.3172605037689
2020-12-09 19:23:21,767 - engine - INFO - bi=401, Train F1=0.767,Train loss=1.0219554901123047, time=512.2760200500488
2020-12-09 19:23:22,323 - __main__ - INFO - Train loss 0.2388086228478533 accuracy 0.912
2020-12-09 19:24:18,731 - engine - INFO - Accuracy:: 0.958411214953271
2020-12-09 19:24:18,737 - engine - INFO - Mcc Score:: 0.9166686920617038
2020-12-09 19:24:18,742 - engine - INFO - Precision:: 0.958430339946499
2020-12-09 19:24:18,747 - engine - INFO - Recall:: 0.958411214953271
2020-12-09 19:24:18,752 - engine - INFO - F_score:: 0.9584155370949923
2020-12-09 19:24:18,752 - __main__ - INFO - Val loss 0.1301065261142134 accuracy 0.958
2020-12-09 19:25:16,048 - __main__ - INFO - Epoch 2/5
2020-12-09 19:25:16,049 - __main__ - INFO - ----------
2020-12-09 19:26:20,426 - engine - INFO - bi=50, Train F1=0.939,Train loss=0.5210201144218445, time=64.37132978439331
2020-12-09 19:27:23,923 - engine - INFO - bi=100, Train F1=1.0,Train loss=0.009300099685788155, time=127.86846804618835
2020-12-09 19:28:27,305 - engine - INFO - bi=150, Train F1=1.0,Train loss=0.04203837364912033, time=191.24989485740662
2020-12-09 19:29:30,865 - engine - INFO - bi=200, Train F1=1.0,Train loss=0.029245948418974876, time=254.81004452705383
2020-12-09 19:30:34,484 - engine - INFO - bi=250, Train F1=1.0,Train loss=0.009760027751326561, time=318.42892146110535
2020-12-09 19:31:38,129 - engine - INFO - bi=300, Train F1=1.0,Train loss=0.0002783106465358287, time=382.07397961616516
2020-12-09 19:32:41,663 - engine - INFO - bi=350, Train F1=1.0,Train loss=0.006118647754192352, time=445.6080439090729
2020-12-09 19:33:45,198 - engine - INFO - bi=400, Train F1=1.0,Train loss=0.007541736587882042, time=509.142950296402
2020-12-09 19:33:46,158 - engine - INFO - bi=401, Train F1=1.0,Train loss=7.912167347967625e-05, time=510.1030972003937
2020-12-09 19:33:46,710 - __main__ - INFO - Train loss 0.0746300448402449 accuracy 0.979
2020-12-09 19:34:43,104 - engine - INFO - Accuracy:: 0.9644859813084112
2020-12-09 19:34:43,111 - engine - INFO - Mcc Score:: 0.9293464345155203
2020-12-09 19:34:43,124 - engine - INFO - Precision:: 0.9650772458516117
2020-12-09 19:34:43,130 - engine - INFO - Recall:: 0.9644859813084112
2020-12-09 19:34:43,135 - engine - INFO - F_score:: 0.9644423676012461
2020-12-09 19:34:43,135 - __main__ - INFO - Val loss 0.1619736980785852 accuracy 0.965
2020-12-09 19:35:40,533 - __main__ - INFO - Epoch 3/5
2020-12-09 19:35:40,533 - __main__ - INFO - ----------
2020-12-09 19:36:44,960 - engine - INFO - bi=50, Train F1=1.0,Train loss=0.00024858058895915747, time=64.42193603515625
2020-12-09 19:37:48,298 - engine - INFO - bi=100, Train F1=1.0,Train loss=0.00013143887917976826, time=127.7597291469574
2020-12-09 19:38:51,470 - engine - INFO - bi=150, Train F1=1.0,Train loss=0.00010740366269601509, time=190.93226170539856
2020-12-09 19:39:54,677 - engine - INFO - bi=200, Train F1=1.0,Train loss=0.00014604913303628564, time=254.13902139663696
2020-12-09 19:40:57,977 - engine - INFO - bi=250, Train F1=1.0,Train loss=8.686179353389889e-05, time=317.4388871192932
2020-12-09 19:42:01,262 - engine - INFO - bi=300, Train F1=1.0,Train loss=1.0453084541950375e-05, time=380.7240722179413
2020-12-09 19:43:04,604 - engine - INFO - bi=350, Train F1=1.0,Train loss=1.5251118384185247e-05, time=444.06604647636414
2020-12-09 19:44:07,819 - engine - INFO - bi=400, Train F1=1.0,Train loss=0.0010990790324285626, time=507.2807660102844
2020-12-09 19:44:08,767 - engine - INFO - bi=401, Train F1=1.0,Train loss=5.540033816942014e-05, time=508.22923278808594
2020-12-09 19:44:09,326 - __main__ - INFO - Train loss 0.0086401231024974 accuracy 0.998
2020-12-09 19:45:05,876 - engine - INFO - Accuracy:: 0.9537383177570093
2020-12-09 19:45:05,883 - engine - INFO - Mcc Score:: 0.9087048500401965
2020-12-09 19:45:05,888 - engine - INFO - Precision:: 0.9552994496413699
2020-12-09 19:45:05,893 - engine - INFO - Recall:: 0.9537383177570093
2020-12-09 19:45:05,897 - engine - INFO - F_score:: 0.9536293292527549
2020-12-09 19:45:05,899 - __main__ - INFO - Val loss 0.2980755707431487 accuracy 0.954
2020-12-09 19:45:05,899 - __main__ - INFO - Epoch 4/5
2020-12-09 19:45:05,899 - __main__ - INFO - ----------
2020-12-09 19:46:10,141 - engine - INFO - bi=50, Train F1=1.0,Train loss=3.947120058001019e-05, time=64.23796057701111
2020-12-09 19:47:13,314 - engine - INFO - bi=100, Train F1=1.0,Train loss=2.5271388949477114e-05, time=127.41123175621033
2020-12-09 19:48:16,645 - engine - INFO - bi=150, Train F1=1.0,Train loss=4.583128247759305e-05, time=190.7419912815094
2020-12-09 19:49:20,045 - engine - INFO - bi=200, Train F1=1.0,Train loss=2.8742615540977567e-05, time=254.14197444915771
2020-12-09 19:50:23,208 - engine - INFO - bi=250, Train F1=1.0,Train loss=2.1948506400804035e-05, time=317.3046956062317
2020-12-09 19:51:26,472 - engine - INFO - bi=300, Train F1=1.0,Train loss=1.1220436135772616e-05, time=380.56882977485657
2020-12-09 19:52:29,825 - engine - INFO - bi=350, Train F1=1.0,Train loss=0.0001005979283945635, time=443.92202281951904
2020-12-09 19:53:33,041 - engine - INFO - bi=400, Train F1=1.0,Train loss=5.254340067040175e-05, time=507.13744139671326
2020-12-09 19:53:33,987 - engine - INFO - bi=401, Train F1=1.0,Train loss=3.75508011529746e-06, time=508.0842933654785
2020-12-09 19:53:34,530 - __main__ - INFO - Train loss 0.0034157008739394944 accuracy 0.999
2020-12-09 19:54:30,910 - engine - INFO - Accuracy:: 0.9616822429906542
2020-12-09 19:54:30,917 - engine - INFO - Mcc Score:: 0.9233191727770089
2020-12-09 19:54:30,922 - engine - INFO - Precision:: 0.9618413218075674
2020-12-09 19:54:30,926 - engine - INFO - Recall:: 0.9616822429906542
2020-12-09 19:54:30,931 - engine - INFO - F_score:: 0.9616597125944996
2020-12-09 19:54:30,931 - __main__ - INFO - Val loss 0.2721061775688525 accuracy 0.962
2020-12-09 19:54:30,931 - __main__ - INFO - Epoch 5/5
2020-12-09 19:54:30,931 - __main__ - INFO - ----------
2020-12-09 19:55:34,948 - engine - INFO - bi=50, Train F1=1.0,Train loss=1.0564799595158547e-05, time=64.01251554489136
2020-12-09 19:56:38,304 - engine - INFO - bi=100, Train F1=1.0,Train loss=1.1712181731127203e-05, time=127.36901497840881
2020-12-09 19:57:41,607 - engine - INFO - bi=150, Train F1=1.0,Train loss=1.8505932530388236e-05, time=190.6715953350067
2020-12-09 19:58:44,880 - engine - INFO - bi=200, Train F1=1.0,Train loss=4.9024633881344926e-06, time=253.94501113891602
2020-12-09 19:59:48,062 - engine - INFO - bi=250, Train F1=1.0,Train loss=5.0589192142069805e-06, time=317.12701892852783
2020-12-09 20:00:51,305 - engine - INFO - bi=300, Train F1=1.0,Train loss=4.455431280803168e-06, time=380.3701412677765
2020-12-09 20:01:54,460 - engine - INFO - bi=350, Train F1=1.0,Train loss=1.2434808013495058e-05, time=443.52511858940125
2020-12-09 20:02:57,500 - engine - INFO - bi=400, Train F1=1.0,Train loss=6.586269591934979e-06, time=506.5654649734497
2020-12-09 20:02:58,445 - engine - INFO - bi=401, Train F1=1.0,Train loss=4.619345418177545e-06, time=507.51022839546204
2020-12-09 20:02:58,999 - __main__ - INFO - Train loss 0.000846129714723496 accuracy 1.0
2020-12-09 20:03:55,624 - engine - INFO - Accuracy:: 0.9649532710280374
2020-12-09 20:03:55,632 - engine - INFO - Mcc Score:: 0.9297479752186523
2020-12-09 20:03:55,637 - engine - INFO - Precision:: 0.9649557775629318
2020-12-09 20:03:55,642 - engine - INFO - Recall:: 0.9649532710280374
2020-12-09 20:03:55,647 - engine - INFO - F_score:: 0.9649492436162709
2020-12-09 20:03:55,647 - __main__ - INFO - Val loss 0.2708643596094467 accuracy 0.965
2020-12-09 20:03:56,261 - __main__ - INFO - ##################################### Task End ############################################
2020-12-09 20:04:02,474 - numexpr.utils - INFO - NumExpr defaulting to 2 threads.
2020-12-09 20:04:02,504 - __main__ - INFO - train len - 6420 valid len - 2140
2020-12-09 20:04:17,907 - __main__ - INFO - STARTING TRAINING - bert_large_four_train_16_3e5
2020-12-09 20:04:17,907 - __main__ - INFO - Epoch 1/5
2020-12-09 20:04:17,907 - __main__ - INFO - ----------
2020-12-09 20:05:23,024 - engine - INFO - bi=50, Train F1=1.0,Train loss=0.04445342719554901, time=65.1127758026123
2020-12-09 20:06:26,809 - engine - INFO - bi=100, Train F1=0.937,Train loss=0.3167974352836609, time=128.89799404144287
2020-12-09 20:07:30,517 - engine - INFO - bi=150, Train F1=0.873,Train loss=0.37015289068222046, time=192.60601353645325
2020-12-09 20:08:34,245 - engine - INFO - bi=200, Train F1=1.0,Train loss=0.0014713478740304708, time=256.3344600200653
2020-12-09 20:09:37,941 - engine - INFO - bi=250, Train F1=1.0,Train loss=0.03919561207294464, time=320.0297210216522
2020-12-09 20:10:41,644 - engine - INFO - bi=300, Train F1=0.94,Train loss=0.09049380570650101, time=383.73330903053284
2020-12-09 20:11:45,296 - engine - INFO - bi=350, Train F1=0.873,Train loss=0.15577691793441772, time=447.38506269454956
2020-12-09 20:12:49,001 - engine - INFO - bi=400, Train F1=1.0,Train loss=0.03472663462162018, time=511.09061098098755
2020-12-09 20:12:49,958 - engine - INFO - bi=401, Train F1=1.0,Train loss=0.10795493423938751, time=512.0469598770142
2020-12-09 20:12:50,510 - __main__ - INFO - Train loss 0.22282747675946205 accuracy 0.919
2020-12-09 20:13:47,195 - engine - INFO - Accuracy:: 0.9588785046728971
2020-12-09 20:13:47,201 - engine - INFO - Mcc Score:: 0.917666122475747
2020-12-09 20:13:47,207 - engine - INFO - Precision:: 0.9590034431874076
2020-12-09 20:13:47,212 - engine - INFO - Recall:: 0.9588785046728971
2020-12-09 20:13:47,217 - engine - INFO - F_score:: 0.9588568864329985
2020-12-09 20:13:47,217 - __main__ - INFO - Val loss 0.1259161627698523 accuracy 0.959
2020-12-09 20:14:44,755 - __main__ - INFO - Epoch 2/5
2020-12-09 20:14:44,755 - __main__ - INFO - ----------
2020-12-09 20:15:49,151 - engine - INFO - bi=50, Train F1=1.0,Train loss=0.0009589441469870508, time=64.39015173912048
2020-12-09 20:16:52,499 - engine - INFO - bi=100, Train F1=1.0,Train loss=0.013172819279134274, time=127.7377142906189
2020-12-09 20:17:55,947 - engine - INFO - bi=150, Train F1=1.0,Train loss=0.0029308930970728397, time=191.1864960193634
2020-12-09 20:18:59,296 - engine - INFO - bi=200, Train F1=1.0,Train loss=0.00039277903852052987, time=254.5349543094635
2020-12-09 20:20:02,708 - engine - INFO - bi=250, Train F1=0.938,Train loss=0.0712837353348732, time=317.946964263916
2020-12-09 20:21:06,112 - engine - INFO - bi=300, Train F1=0.937,Train loss=0.2696942389011383, time=381.3507328033447
2020-12-09 20:22:09,370 - engine - INFO - bi=350, Train F1=1.0,Train loss=0.0005608779028989375, time=444.60895442962646
2020-12-09 20:23:12,749 - engine - INFO - bi=400, Train F1=1.0,Train loss=0.002314662327989936, time=507.98809146881104
2020-12-09 20:23:13,685 - engine - INFO - bi=401, Train F1=1.0,Train loss=0.0004909208510071039, time=508.9239225387573
2020-12-09 20:23:14,223 - __main__ - INFO - Train loss 0.07102793108125428 accuracy 0.982
2020-12-09 20:24:11,053 - engine - INFO - Accuracy:: 0.9635514018691589
2020-12-09 20:24:11,060 - engine - INFO - Mcc Score:: 0.9269948536596027
2020-12-09 20:24:11,065 - engine - INFO - Precision:: 0.9635901083126373
2020-12-09 20:24:11,069 - engine - INFO - Recall:: 0.9635514018691589
2020-12-09 20:24:11,074 - engine - INFO - F_score:: 0.9635572704690484
2020-12-09 20:24:11,074 - __main__ - INFO - Val loss 0.15143672044294687 accuracy 0.964
2020-12-09 20:25:08,552 - __main__ - INFO - Epoch 3/5
2020-12-09 20:25:08,552 - __main__ - INFO - ----------
2020-12-09 20:26:12,480 - engine - INFO - bi=50, Train F1=1.0,Train loss=4.083507519681007e-05, time=63.924983739852905
2020-12-09 20:27:15,603 - engine - INFO - bi=100, Train F1=1.0,Train loss=0.00035257410490885377, time=127.047860622406
2020-12-09 20:28:18,816 - engine - INFO - bi=150, Train F1=1.0,Train loss=2.6865798645303585e-05, time=190.26081252098083
2020-12-09 20:29:22,043 - engine - INFO - bi=200, Train F1=1.0,Train loss=1.4394085155799985e-05, time=253.48819422721863
2020-12-09 20:30:25,228 - engine - INFO - bi=250, Train F1=0.936,Train loss=0.13825568556785583, time=316.6727542877197
2020-12-09 20:31:28,834 - engine - INFO - bi=300, Train F1=1.0,Train loss=4.3883692342205904e-06, time=380.2792727947235
2020-12-09 20:32:32,111 - engine - INFO - bi=350, Train F1=1.0,Train loss=1.3969628525956068e-05, time=443.5560417175293
2020-12-09 20:33:35,316 - engine - INFO - bi=400, Train F1=1.0,Train loss=1.74190936377272e-05, time=506.7613377571106
2020-12-09 20:33:36,258 - engine - INFO - bi=401, Train F1=1.0,Train loss=5.057080852566287e-05, time=507.7024154663086
2020-12-09 20:33:36,804 - __main__ - INFO - Train loss 0.011606728951805034 accuracy 0.997
2020-12-09 20:34:33,201 - engine - INFO - Accuracy:: 0.9635514018691589
2020-12-09 20:34:33,208 - engine - INFO - Mcc Score:: 0.9275934014230187
2020-12-09 20:34:33,214 - engine - INFO - Precision:: 0.9642707703185868
2020-12-09 20:34:33,220 - engine - INFO - Recall:: 0.9635514018691589
2020-12-09 20:34:33,226 - engine - INFO - F_score:: 0.9635007448814188
2020-12-09 20:34:33,226 - __main__ - INFO - Val loss 0.23050378195685922 accuracy 0.964
2020-12-09 20:34:33,226 - __main__ - INFO - Epoch 4/5
2020-12-09 20:34:33,227 - __main__ - INFO - ----------
2020-12-09 20:35:37,252 - engine - INFO - bi=50, Train F1=1.0,Train loss=1.8372127669863403e-05, time=64.01818704605103
2020-12-09 20:36:40,355 - engine - INFO - bi=100, Train F1=0.939,Train loss=0.2563043534755707, time=127.12107443809509
2020-12-09 20:37:43,778 - engine - INFO - bi=150, Train F1=1.0,Train loss=8.992749826575164e-06, time=190.54415726661682
2020-12-09 20:38:46,990 - engine - INFO - bi=200, Train F1=1.0,Train loss=1.3171977116144262e-05, time=253.75607109069824
2020-12-09 20:39:50,174 - engine - INFO - bi=250, Train F1=1.0,Train loss=6.444719929277198e-06, time=316.94073009490967
2020-12-09 20:40:53,323 - engine - INFO - bi=300, Train F1=1.0,Train loss=1.3485534964274848e-06, time=380.0895709991455
2020-12-09 20:41:56,562 - engine - INFO - bi=350, Train F1=1.0,Train loss=4.045627974846866e-06, time=443.3282661437988
2020-12-09 20:42:59,704 - engine - INFO - bi=400, Train F1=1.0,Train loss=1.6242228184637497e-06, time=506.4698579311371
2020-12-09 20:43:00,640 - engine - INFO - bi=401, Train F1=1.0,Train loss=1.3709052382182563e-06, time=507.40650153160095
2020-12-09 20:43:01,185 - __main__ - INFO - Train loss 0.001696525061141015 accuracy 1.0
2020-12-09 20:43:57,485 - engine - INFO - Accuracy:: 0.9658878504672898
2020-12-09 20:43:57,491 - engine - INFO - Mcc Score:: 0.9316298015790186
2020-12-09 20:43:57,496 - engine - INFO - Precision:: 0.9658897511213184
2020-12-09 20:43:57,500 - engine - INFO - Recall:: 0.9658878504672898
2020-12-09 20:43:57,505 - engine - INFO - F_score:: 0.9658885894719603
2020-12-09 20:43:57,505 - __main__ - INFO - Val loss 0.236254471449563 accuracy 0.966
2020-12-09 20:44:54,807 - __main__ - INFO - Epoch 5/5
2020-12-09 20:44:54,807 - __main__ - INFO - ----------
2020-12-09 20:45:58,904 - engine - INFO - bi=50, Train F1=1.0,Train loss=5.572904683504021e-06, time=64.0941469669342
2020-12-09 20:47:02,095 - engine - INFO - bi=100, Train F1=1.0,Train loss=6.705517989757936e-07, time=127.28509449958801
2020-12-09 20:48:05,239 - engine - INFO - bi=150, Train F1=1.0,Train loss=6.75827541272156e-05, time=190.42872262001038
2020-12-09 20:49:08,537 - engine - INFO - bi=200, Train F1=1.0,Train loss=1.2367921726763598e-06, time=253.72666764259338
2020-12-09 20:50:11,793 - engine - INFO - bi=250, Train F1=1.0,Train loss=2.8088479666621424e-06, time=316.98333168029785
2020-12-09 20:51:14,981 - engine - INFO - bi=300, Train F1=1.0,Train loss=6.727717391186161e-06, time=380.17127442359924
2020-12-09 20:52:18,118 - engine - INFO - bi=350, Train F1=1.0,Train loss=0.00016993671306408942, time=443.3076665401459
2020-12-09 20:53:21,286 - engine - INFO - bi=400, Train F1=1.0,Train loss=3.2335344712919323e-06, time=506.47634387016296
2020-12-09 20:53:22,227 - engine - INFO - bi=401, Train F1=1.0,Train loss=9.834757292992435e-07, time=507.41732382774353
2020-12-09 20:53:22,813 - __main__ - INFO - Train loss 0.0017302108405430096 accuracy 1.0
2020-12-09 20:54:19,248 - engine - INFO - Accuracy:: 0.9668224299065421
2020-12-09 20:54:19,256 - engine - INFO - Mcc Score:: 0.9335172134288748
2020-12-09 20:54:19,262 - engine - INFO - Precision:: 0.9668559372270126
2020-12-09 20:54:19,266 - engine - INFO - Recall:: 0.9668224299065421
2020-12-09 20:54:19,271 - engine - INFO - F_score:: 0.9668135603338525
2020-12-09 20:54:19,271 - __main__ - INFO - Val loss 0.2399573055967735 accuracy 0.967
2020-12-09 20:55:17,323 - __main__ - INFO - ##################################### Task End ############################################
