2020-12-08 18:02:14,167 - numexpr.utils - INFO - NumExpr defaulting to 2 threads.
2020-12-08 18:02:14,195 - __main__ - INFO - train len - 6420 valid len - 2140
2020-12-08 18:02:22,487 - __main__ - INFO - STARTING TRAINING - bert_base_two_train_16_3e5
2020-12-08 18:02:22,487 - __main__ - INFO - Epoch 1/5
2020-12-08 18:02:22,487 - __main__ - INFO - ----------
2020-12-08 18:02:40,285 - engine - INFO - bi=50, Train F1=0.939,Train loss=0.13892200589179993, time=17.795818328857422
2020-12-08 18:02:58,081 - engine - INFO - bi=100, Train F1=0.875,Train loss=0.19119051098823547, time=35.591452836990356
2020-12-08 18:03:16,084 - engine - INFO - bi=150, Train F1=0.865,Train loss=0.6530683040618896, time=53.59492754936218
2020-12-08 18:03:34,567 - engine - INFO - bi=200, Train F1=1.0,Train loss=0.021207595244050026, time=72.07826137542725
2020-12-08 18:03:53,592 - engine - INFO - bi=250, Train F1=0.938,Train loss=0.07281389087438583, time=91.10245633125305
2020-12-08 18:04:13,156 - engine - INFO - bi=300, Train F1=0.938,Train loss=0.20721939206123352, time=110.66653609275818
2020-12-08 18:04:33,359 - engine - INFO - bi=350, Train F1=0.875,Train loss=0.23498927056789398, time=130.8694930076599
2020-12-08 18:04:53,567 - engine - INFO - bi=400, Train F1=1.0,Train loss=0.026538237929344177, time=151.07800149917603
2020-12-08 18:04:53,860 - engine - INFO - bi=401, Train F1=1.0,Train loss=0.037966396659612656, time=151.37117719650269
2020-12-08 18:04:54,110 - __main__ - INFO - Train loss 0.21028741456849723 accuracy 0.92
2020-12-08 18:05:11,154 - engine - INFO - Accuracy:: 0.9247663551401869
2020-12-08 18:05:11,161 - engine - INFO - Mcc Score:: 0.8562760156558731
2020-12-08 18:05:11,165 - engine - INFO - Precision:: 0.9323419790286918
2020-12-08 18:05:11,170 - engine - INFO - Recall:: 0.9247663551401869
2020-12-08 18:05:11,174 - engine - INFO - F_score:: 0.9241749997066242
2020-12-08 18:05:11,174 - __main__ - INFO - Val loss 0.26551893616178585 accuracy 0.925
2020-12-08 18:05:29,215 - __main__ - INFO - Epoch 2/5
2020-12-08 18:05:29,216 - __main__ - INFO - ----------
2020-12-08 18:05:49,556 - engine - INFO - bi=50, Train F1=1.0,Train loss=0.0003800679696723819, time=20.33733868598938
2020-12-08 18:06:09,522 - engine - INFO - bi=100, Train F1=0.879,Train loss=0.7535594701766968, time=40.30320358276367
2020-12-08 18:06:29,333 - engine - INFO - bi=150, Train F1=1.0,Train loss=0.0010100062936544418, time=60.11416959762573
2020-12-08 18:06:49,185 - engine - INFO - bi=200, Train F1=1.0,Train loss=0.006091233342885971, time=79.96605086326599
2020-12-08 18:07:08,987 - engine - INFO - bi=250, Train F1=0.938,Train loss=0.5327754616737366, time=99.76801037788391
2020-12-08 18:07:28,777 - engine - INFO - bi=300, Train F1=1.0,Train loss=0.0011932902270928025, time=119.5584979057312
2020-12-08 18:07:48,691 - engine - INFO - bi=350, Train F1=1.0,Train loss=0.0006285419221967459, time=139.47221183776855
2020-12-08 18:08:08,503 - engine - INFO - bi=400, Train F1=1.0,Train loss=0.005356829613447189, time=159.284184217453
2020-12-08 18:08:08,795 - engine - INFO - bi=401, Train F1=1.0,Train loss=0.00026935985079035163, time=159.5763349533081
2020-12-08 18:08:09,043 - __main__ - INFO - Train loss 0.06850525175025211 accuracy 0.981
2020-12-08 18:08:26,143 - engine - INFO - Accuracy:: 0.9514018691588785
2020-12-08 18:08:26,150 - engine - INFO - Mcc Score:: 0.9047060120246156
2020-12-08 18:08:26,154 - engine - INFO - Precision:: 0.9533698607014677
2020-12-08 18:08:26,159 - engine - INFO - Recall:: 0.9514018691588785
2020-12-08 18:08:26,164 - engine - INFO - F_score:: 0.9514249657576267
2020-12-08 18:08:26,164 - __main__ - INFO - Val loss 0.2272532563856386 accuracy 0.951
2020-12-08 18:08:44,443 - __main__ - INFO - Epoch 3/5
2020-12-08 18:08:44,444 - __main__ - INFO - ----------
2020-12-08 18:09:04,533 - engine - INFO - bi=50, Train F1=1.0,Train loss=0.0001556241186335683, time=20.087517738342285
2020-12-08 18:09:24,247 - engine - INFO - bi=100, Train F1=1.0,Train loss=0.00021753789042122662, time=39.8017635345459
2020-12-08 18:09:43,977 - engine - INFO - bi=150, Train F1=1.0,Train loss=0.00035487901186570525, time=59.531145095825195
2020-12-08 18:10:03,635 - engine - INFO - bi=200, Train F1=1.0,Train loss=0.00012416650133673102, time=79.1899688243866
2020-12-08 18:10:23,338 - engine - INFO - bi=250, Train F1=1.0,Train loss=0.0001846266386564821, time=98.89281415939331
2020-12-08 18:10:43,121 - engine - INFO - bi=300, Train F1=1.0,Train loss=0.04319493845105171, time=118.67540693283081
2020-12-08 18:11:02,806 - engine - INFO - bi=350, Train F1=1.0,Train loss=8.34093734738417e-05, time=138.36013054847717
2020-12-08 18:11:22,451 - engine - INFO - bi=400, Train F1=1.0,Train loss=0.00015126870130188763, time=158.00550484657288
2020-12-08 18:11:22,739 - engine - INFO - bi=401, Train F1=1.0,Train loss=7.673744403291494e-05, time=158.29327178001404
2020-12-08 18:11:22,989 - __main__ - INFO - Train loss 0.01670372800065738 accuracy 0.996
2020-12-08 18:11:40,135 - engine - INFO - Accuracy:: 0.9579439252336449
2020-12-08 18:11:40,142 - engine - INFO - Mcc Score:: 0.9162014316932193
2020-12-08 18:11:40,146 - engine - INFO - Precision:: 0.9585144724986353
2020-12-08 18:11:40,151 - engine - INFO - Recall:: 0.9579439252336449
2020-12-08 18:11:40,157 - engine - INFO - F_score:: 0.9578922774225284
2020-12-08 18:11:40,157 - __main__ - INFO - Val loss 0.2403669129208307 accuracy 0.958
2020-12-08 18:11:58,504 - __main__ - INFO - Epoch 4/5
2020-12-08 18:11:58,504 - __main__ - INFO - ----------
2020-12-08 18:12:18,816 - engine - INFO - bi=50, Train F1=1.0,Train loss=0.00010702476720325649, time=20.307856798171997
2020-12-08 18:12:38,520 - engine - INFO - bi=100, Train F1=1.0,Train loss=7.461835048161447e-05, time=40.0116286277771
2020-12-08 18:12:58,204 - engine - INFO - bi=150, Train F1=1.0,Train loss=0.00013180746464058757, time=59.6953821182251
2020-12-08 18:13:17,911 - engine - INFO - bi=200, Train F1=1.0,Train loss=0.00013394643610808998, time=79.40207362174988
2020-12-08 18:13:37,640 - engine - INFO - bi=250, Train F1=1.0,Train loss=0.01048106700181961, time=99.13197994232178
2020-12-08 18:13:57,338 - engine - INFO - bi=300, Train F1=1.0,Train loss=4.365897621028125e-05, time=118.8299720287323
2020-12-08 18:14:16,992 - engine - INFO - bi=350, Train F1=1.0,Train loss=6.54105024295859e-05, time=138.48329186439514
2020-12-08 18:14:36,630 - engine - INFO - bi=400, Train F1=1.0,Train loss=5.744163354393095e-05, time=158.12120532989502
2020-12-08 18:14:36,919 - engine - INFO - bi=401, Train F1=1.0,Train loss=4.368919326225296e-05, time=158.41100692749023
2020-12-08 18:14:37,165 - __main__ - INFO - Train loss 0.0031670118823650902 accuracy 0.999
2020-12-08 18:14:54,325 - engine - INFO - Accuracy:: 0.9663551401869159
2020-12-08 18:14:54,332 - engine - INFO - Mcc Score:: 0.9325577640727064
2020-12-08 18:14:54,337 - engine - INFO - Precision:: 0.9663557817986026
2020-12-08 18:14:54,341 - engine - INFO - Recall:: 0.9663551401869159
2020-12-08 18:14:54,346 - engine - INFO - F_score:: 0.9663520767324646
2020-12-08 18:14:54,346 - __main__ - INFO - Val loss 0.22600475111447402 accuracy 0.966
2020-12-08 18:15:12,675 - __main__ - INFO - Epoch 5/5
2020-12-08 18:15:12,675 - __main__ - INFO - ----------
2020-12-08 18:15:32,789 - engine - INFO - bi=50, Train F1=1.0,Train loss=4.5752505684504285e-05, time=20.109808683395386
2020-12-08 18:15:52,484 - engine - INFO - bi=100, Train F1=1.0,Train loss=5.328290717443451e-05, time=39.80476403236389
2020-12-08 18:16:12,145 - engine - INFO - bi=150, Train F1=1.0,Train loss=0.000133983587147668, time=59.46623754501343
2020-12-08 18:16:31,843 - engine - INFO - bi=200, Train F1=1.0,Train loss=6.938755541341379e-05, time=79.16392683982849
2020-12-08 18:16:51,539 - engine - INFO - bi=250, Train F1=1.0,Train loss=0.00014085658767726272, time=98.85992097854614
2020-12-08 18:17:11,228 - engine - INFO - bi=300, Train F1=1.0,Train loss=3.539591853041202e-05, time=118.549320936203
2020-12-08 18:17:30,978 - engine - INFO - bi=350, Train F1=1.0,Train loss=4.385997453937307e-05, time=138.29956698417664
2020-12-08 18:17:50,704 - engine - INFO - bi=400, Train F1=1.0,Train loss=5.975815292913467e-05, time=158.02465152740479
2020-12-08 18:17:50,991 - engine - INFO - bi=401, Train F1=1.0,Train loss=9.297078941017389e-05, time=158.31170797348022
2020-12-08 18:17:51,240 - __main__ - INFO - Train loss 0.0008676308525627522 accuracy 1.0
2020-12-08 18:18:08,370 - engine - INFO - Accuracy:: 0.9654205607476636
2020-12-08 18:18:08,377 - engine - INFO - Mcc Score:: 0.9306862740180969
2020-12-08 18:18:08,383 - engine - INFO - Precision:: 0.965426149738393
2020-12-08 18:18:08,387 - engine - INFO - Recall:: 0.9654205607476636
2020-12-08 18:18:08,392 - engine - INFO - F_score:: 0.9654157466559308
2020-12-08 18:18:08,392 - __main__ - INFO - Val loss 0.23168760579280945 accuracy 0.965
2020-12-08 18:18:08,906 - __main__ - INFO - ##################################### Task End ############################################
2020-12-08 18:18:14,491 - numexpr.utils - INFO - NumExpr defaulting to 2 threads.
2020-12-08 18:18:14,525 - __main__ - INFO - train len - 6420 valid len - 2140
2020-12-08 18:18:22,395 - __main__ - INFO - STARTING TRAINING - bert_base_two_train_16_2e5
2020-12-08 18:18:22,395 - __main__ - INFO - Epoch 1/5
2020-12-08 18:18:22,395 - __main__ - INFO - ----------
2020-12-08 18:18:42,672 - engine - INFO - bi=50, Train F1=0.939,Train loss=0.15384703874588013, time=20.271983861923218
2020-12-08 18:19:03,120 - engine - INFO - bi=100, Train F1=0.938,Train loss=0.15627239644527435, time=40.72079586982727
2020-12-08 18:19:23,322 - engine - INFO - bi=150, Train F1=0.865,Train loss=0.6948603391647339, time=60.92297124862671
2020-12-08 18:19:43,216 - engine - INFO - bi=200, Train F1=1.0,Train loss=0.028137434273958206, time=80.81648826599121
2020-12-08 18:20:03,087 - engine - INFO - bi=250, Train F1=1.0,Train loss=0.028446663171052933, time=100.68746662139893
2020-12-08 18:20:23,185 - engine - INFO - bi=300, Train F1=0.938,Train loss=0.13492555916309357, time=120.78566789627075
2020-12-08 18:20:43,260 - engine - INFO - bi=350, Train F1=0.875,Train loss=0.31550994515419006, time=140.86022520065308
2020-12-08 18:21:03,134 - engine - INFO - bi=400, Train F1=1.0,Train loss=0.02006448246538639, time=160.73431944847107
2020-12-08 18:21:03,428 - engine - INFO - bi=401, Train F1=1.0,Train loss=0.08977781981229782, time=161.0281810760498
2020-12-08 18:21:03,677 - __main__ - INFO - Train loss 0.22171430186651164 accuracy 0.915
2020-12-08 18:21:20,703 - engine - INFO - Accuracy:: 0.935981308411215
2020-12-08 18:21:20,710 - engine - INFO - Mcc Score:: 0.8752208078759979
2020-12-08 18:21:20,715 - engine - INFO - Precision:: 0.939811592773062
2020-12-08 18:21:20,719 - engine - INFO - Recall:: 0.935981308411215
2020-12-08 18:21:20,723 - engine - INFO - F_score:: 0.9356863653747005
2020-12-08 18:21:20,723 - __main__ - INFO - Val loss 0.20551460036146108 accuracy 0.936
2020-12-08 18:21:39,115 - __main__ - INFO - Epoch 2/5
2020-12-08 18:21:39,115 - __main__ - INFO - ----------
2020-12-08 18:21:59,547 - engine - INFO - bi=50, Train F1=1.0,Train loss=0.0025829956866800785, time=20.428390979766846
2020-12-08 18:22:19,616 - engine - INFO - bi=100, Train F1=0.879,Train loss=0.681056559085846, time=40.497968673706055
2020-12-08 18:22:39,522 - engine - INFO - bi=150, Train F1=0.939,Train loss=0.3452284038066864, time=60.40383505821228
2020-12-08 18:22:59,376 - engine - INFO - bi=200, Train F1=1.0,Train loss=0.013350948691368103, time=80.2578113079071
2020-12-08 18:23:19,213 - engine - INFO - bi=250, Train F1=0.938,Train loss=0.5150030255317688, time=100.09493350982666
2020-12-08 18:23:39,131 - engine - INFO - bi=300, Train F1=0.94,Train loss=0.09417111426591873, time=120.01252913475037
2020-12-08 18:23:59,020 - engine - INFO - bi=350, Train F1=1.0,Train loss=0.0016349557554349303, time=139.90151476860046
2020-12-08 18:24:18,861 - engine - INFO - bi=400, Train F1=1.0,Train loss=0.03532334789633751, time=159.74260878562927
2020-12-08 18:24:19,161 - engine - INFO - bi=401, Train F1=1.0,Train loss=0.0013933151494711637, time=160.04297423362732
2020-12-08 18:24:19,410 - __main__ - INFO - Train loss 0.07603130974072445 accuracy 0.976
2020-12-08 18:24:36,540 - engine - INFO - Accuracy:: 0.9523364485981308
2020-12-08 18:24:36,546 - engine - INFO - Mcc Score:: 0.9053377851793616
2020-12-08 18:24:36,552 - engine - INFO - Precision:: 0.953120853485181
2020-12-08 18:24:36,556 - engine - INFO - Recall:: 0.9523364485981308
2020-12-08 18:24:36,560 - engine - INFO - F_score:: 0.9523618206312198
2020-12-08 18:24:36,561 - __main__ - INFO - Val loss 0.2059442791983541 accuracy 0.952
2020-12-08 18:24:54,902 - __main__ - INFO - Epoch 3/5
2020-12-08 18:24:54,903 - __main__ - INFO - ----------
2020-12-08 18:25:15,235 - engine - INFO - bi=50, Train F1=1.0,Train loss=0.00014596202527172863, time=20.330334424972534
2020-12-08 18:25:35,116 - engine - INFO - bi=100, Train F1=1.0,Train loss=0.00024259797646664083, time=40.21123647689819
2020-12-08 18:25:54,855 - engine - INFO - bi=150, Train F1=1.0,Train loss=0.031939659267663956, time=59.94992160797119
2020-12-08 18:26:14,613 - engine - INFO - bi=200, Train F1=1.0,Train loss=0.00029010421712882817, time=79.70826029777527
2020-12-08 18:26:34,311 - engine - INFO - bi=250, Train F1=1.0,Train loss=0.0001609650207683444, time=99.40616703033447
2020-12-08 18:26:54,004 - engine - INFO - bi=300, Train F1=1.0,Train loss=0.014255495741963387, time=119.0993959903717
2020-12-08 18:27:13,733 - engine - INFO - bi=350, Train F1=1.0,Train loss=9.623460209695622e-05, time=138.82776808738708
2020-12-08 18:27:33,434 - engine - INFO - bi=400, Train F1=1.0,Train loss=0.001002305536530912, time=158.52947545051575
2020-12-08 18:27:33,722 - engine - INFO - bi=401, Train F1=1.0,Train loss=6.538345041917637e-05, time=158.81716656684875
2020-12-08 18:27:33,971 - __main__ - INFO - Train loss 0.02013617371162197 accuracy 0.994
2020-12-08 18:27:51,118 - engine - INFO - Accuracy:: 0.9485981308411215
2020-12-08 18:27:51,125 - engine - INFO - Mcc Score:: 0.8988121060473317
2020-12-08 18:27:51,129 - engine - INFO - Precision:: 0.9506045835137501
2020-12-08 18:27:51,133 - engine - INFO - Recall:: 0.9485981308411215
2020-12-08 18:27:51,138 - engine - INFO - F_score:: 0.9484526475853037
2020-12-08 18:27:51,138 - __main__ - INFO - Val loss 0.2947248421306852 accuracy 0.949
2020-12-08 18:27:51,138 - __main__ - INFO - Epoch 4/5
2020-12-08 18:27:51,139 - __main__ - INFO - ----------
2020-12-08 18:28:11,285 - engine - INFO - bi=50, Train F1=1.0,Train loss=0.0004164388228673488, time=20.14393925666809
2020-12-08 18:28:31,003 - engine - INFO - bi=100, Train F1=1.0,Train loss=0.0002058509417111054, time=39.861753940582275
2020-12-08 18:28:50,761 - engine - INFO - bi=150, Train F1=1.0,Train loss=0.00027806544676423073, time=59.619261503219604
2020-12-08 18:29:10,379 - engine - INFO - bi=200, Train F1=1.0,Train loss=0.00010156292410101742, time=79.23758292198181
2020-12-08 18:29:30,086 - engine - INFO - bi=250, Train F1=1.0,Train loss=0.00021322324755601585, time=98.94446635246277
2020-12-08 18:29:49,726 - engine - INFO - bi=300, Train F1=1.0,Train loss=0.00019193071057088673, time=118.58473229408264
2020-12-08 18:30:09,396 - engine - INFO - bi=350, Train F1=1.0,Train loss=6.0629790823441e-05, time=138.25499486923218
2020-12-08 18:30:29,026 - engine - INFO - bi=400, Train F1=1.0,Train loss=0.00021322257816791534, time=157.88465905189514
2020-12-08 18:30:29,319 - engine - INFO - bi=401, Train F1=1.0,Train loss=9.48550077737309e-05, time=158.17798352241516
2020-12-08 18:30:29,574 - __main__ - INFO - Train loss 0.009018997582765522 accuracy 0.997
2020-12-08 18:30:46,734 - engine - INFO - Accuracy:: 0.961214953271028
2020-12-08 18:30:46,740 - engine - INFO - Mcc Score:: 0.9222843450303339
2020-12-08 18:30:46,745 - engine - INFO - Precision:: 0.9612611743367445
2020-12-08 18:30:46,750 - engine - INFO - Recall:: 0.961214953271028
2020-12-08 18:30:46,754 - engine - INFO - F_score:: 0.961202477391442
2020-12-08 18:30:46,755 - __main__ - INFO - Val loss 0.23944914237046164 accuracy 0.961
2020-12-08 18:31:05,128 - __main__ - INFO - Epoch 5/5
2020-12-08 18:31:05,128 - __main__ - INFO - ----------
2020-12-08 18:31:25,318 - engine - INFO - bi=50, Train F1=1.0,Train loss=0.00028725009178742766, time=20.1846182346344
2020-12-08 18:31:45,019 - engine - INFO - bi=100, Train F1=1.0,Train loss=4.680288475356065e-05, time=39.88589000701904
2020-12-08 18:32:04,756 - engine - INFO - bi=150, Train F1=1.0,Train loss=5.237335426500067e-05, time=59.62263369560242
2020-12-08 18:32:24,523 - engine - INFO - bi=200, Train F1=1.0,Train loss=0.00010657680104486644, time=79.3897864818573
2020-12-08 18:32:44,238 - engine - INFO - bi=250, Train F1=1.0,Train loss=0.00019526710093487054, time=99.10548496246338
2020-12-08 18:33:03,935 - engine - INFO - bi=300, Train F1=1.0,Train loss=0.00011745192023226991, time=118.8021399974823
2020-12-08 18:33:23,603 - engine - INFO - bi=350, Train F1=1.0,Train loss=0.00016228666936513036, time=138.47018361091614
2020-12-08 18:33:43,201 - engine - INFO - bi=400, Train F1=1.0,Train loss=6.24908716417849e-05, time=158.0678608417511
2020-12-08 18:33:43,488 - engine - INFO - bi=401, Train F1=1.0,Train loss=9.580494224792346e-05, time=158.35505437850952
2020-12-08 18:33:43,737 - __main__ - INFO - Train loss 0.0022655771377658447 accuracy 1.0
2020-12-08 18:34:00,823 - engine - INFO - Accuracy:: 0.9621495327102804
2020-12-08 18:34:00,830 - engine - INFO - Mcc Score:: 0.924158799888507
2020-12-08 18:34:00,835 - engine - INFO - Precision:: 0.9621964246496612
2020-12-08 18:34:00,840 - engine - INFO - Recall:: 0.9621495327102804
2020-12-08 18:34:00,845 - engine - INFO - F_score:: 0.962137357454299
2020-12-08 18:34:00,845 - __main__ - INFO - Val loss 0.24245979025748857 accuracy 0.962
2020-12-08 18:34:19,645 - __main__ - INFO - ##################################### Task End ############################################
